{"C:\\Users\\HP\\OneDrive\\Desktop\\unfiltered campus project\\ventiora\\src\\App.tsx": {"path":"C:\\Users\\HP\\OneDrive\\Desktop\\unfiltered campus project\\ventiora\\src\\App.tsx","statementMap":{"0":{"start":{"line":7,"column":20},"end":{"line":14,"column":null}},"1":{"start":{"line":17,"column":2},"end":{"line":26,"column":null}}},"fnMap":{"0":{"name":"App","decl":{"start":{"line":16,"column":9},"end":{"line":16,"column":15}},"loc":{"start":{"line":16,"column":15},"end":{"line":28,"column":null}},"line":16}},"branchMap":{},"s":{"0":1,"1":2},"f":{"0":2},"b":{},"meta":{"lastBranch":0,"lastFunction":1,"lastStatement":2,"seen":{"s:7:20:14:Infinity":0,"f:16:9:16:15":0,"s:17:2:26:Infinity":1},"fnNames":{}}}
,"C:\\Users\\HP\\OneDrive\\Desktop\\unfiltered campus project\\ventiora\\src\\components\\admin\\AdminSidebar.tsx": {"path":"C:\\Users\\HP\\OneDrive\\Desktop\\unfiltered campus project\\ventiora\\src\\components\\admin\\AdminSidebar.tsx","statementMap":{"0":{"start":{"line":13,"column":2},"end":{"line":16,"column":null}},"1":{"start":{"line":20,"column":28},"end":{"line":61,"column":null}},"2":{"start":{"line":64,"column":8},"end":{"line":64,"column":null}},"3":{"start":{"line":66,"column":2},"end":{"line":89,"column":null}},"4":{"start":{"line":70,"column":10},"end":{"line":72,"column":null}},"5":{"start":{"line":73,"column":8},"end":{"line":86,"column":null}}},"fnMap":{"0":{"name":"NavIcon","decl":{"start":{"line":12,"column":9},"end":{"line":12,"column":17}},"loc":{"start":{"line":12,"column":39},"end":{"line":18,"column":null}},"line":12},"1":{"name":"AdminSidebar","decl":{"start":{"line":63,"column":16},"end":{"line":63,"column":31}},"loc":{"start":{"line":63,"column":31},"end":{"line":91,"column":null}},"line":63},"2":{"name":"(anonymous_2)","decl":{"start":{"line":68,"column":16},"end":{"line":68,"column":21}},"loc":{"start":{"line":68,"column":30},"end":{"line":88,"column":7}},"line":68}},"branchMap":{"0":{"loc":{"start":{"line":70,"column":10},"end":{"line":72,"column":null}},"type":"cond-expr","locations":[{"start":{"line":71,"column":14},"end":{"line":71,"column":null}},{"start":{"line":72,"column":14},"end":{"line":72,"column":null}}],"line":70},"1":{"loc":{"start":{"line":79,"column":14},"end":{"line":81,"column":null}},"type":"cond-expr","locations":[{"start":{"line":80,"column":18},"end":{"line":80,"column":null}},{"start":{"line":81,"column":18},"end":{"line":81,"column":null}}],"line":79}},"s":{"0":0,"1":1,"2":0,"3":0,"4":0,"5":0},"f":{"0":0,"1":0,"2":0},"b":{"0":[0,0],"1":[0,0]},"meta":{"lastBranch":2,"lastFunction":3,"lastStatement":6,"seen":{"f:12:9:12:17":0,"s:13:2:16:Infinity":0,"s:20:28:61:Infinity":1,"f:63:16:63:31":1,"s:64:8:64:Infinity":2,"s:66:2:89:Infinity":3,"f:68:16:68:21":2,"s:70:10:72:Infinity":4,"b:71:14:71:Infinity:72:14:72:Infinity":0,"s:73:8:86:Infinity":5,"b:80:18:80:Infinity:81:18:81:Infinity":1},"fnNames":{}}}
,"C:\\Users\\HP\\OneDrive\\Desktop\\unfiltered campus project\\ventiora\\src\\components\\comment\\CommentForm.tsx": {"path":"C:\\Users\\HP\\OneDrive\\Desktop\\unfiltered campus project\\ventiora\\src\\components\\comment\\CommentForm.tsx","statementMap":{"0":{"start":{"line":21,"column":10},"end":{"line":21,"column":null}},"1":{"start":{"line":22,"column":22},"end":{"line":22,"column":null}},"2":{"start":{"line":23,"column":20},"end":{"line":23,"column":null}},"3":{"start":{"line":29,"column":25},"end":{"line":30,"column":null}},"4":{"start":{"line":32,"column":2},"end":{"line":38,"column":null}},"5":{"start":{"line":33,"column":4},"end":{"line":36,"column":null}},"6":{"start":{"line":40,"column":19},"end":{"line":46,"column":null}},"7":{"start":{"line":42,"column":4},"end":{"line":42,"column":null}},"8":{"start":{"line":43,"column":4},"end":{"line":43,"column":null}},"9":{"start":{"line":44,"column":4},"end":{"line":44,"column":null}},"10":{"start":{"line":44,"column":21},"end":{"line":44,"column":42}},"11":{"start":{"line":45,"column":4},"end":{"line":45,"column":null}},"12":{"start":{"line":48,"column":2},"end":{"line":81,"column":null}}},"fnMap":{"0":{"name":"CommentForm","decl":{"start":{"line":20,"column":16},"end":{"line":20,"column":28}},"loc":{"start":{"line":20,"column":96},"end":{"line":83,"column":null}},"line":20},"1":{"name":"(anonymous_1)","decl":{"start":{"line":40,"column":19},"end":{"line":40,"column":26}},"loc":{"start":{"line":40,"column":48},"end":{"line":46,"column":null}},"line":40},"2":{"name":"(anonymous_2)","decl":{"start":{"line":44,"column":4},"end":{"line":44,"column":21}},"loc":{"start":{"line":44,"column":21},"end":{"line":44,"column":42}},"line":44}},"branchMap":{"0":{"loc":{"start":{"line":32,"column":2},"end":{"line":38,"column":null}},"type":"if","locations":[{"start":{"line":32,"column":2},"end":{"line":38,"column":null}},{"start":{},"end":{}}],"line":32},"1":{"loc":{"start":{"line":54,"column":23},"end":{"line":54,"column":null}},"type":"cond-expr","locations":[{"start":{"line":54,"column":34},"end":{"line":54,"column":53}},{"start":{"line":54,"column":53},"end":{"line":54,"column":null}}],"line":54},"2":{"loc":{"start":{"line":55,"column":16},"end":{"line":55,"column":null}},"type":"cond-expr","locations":[{"start":{"line":55,"column":26},"end":{"line":55,"column":30}},{"start":{"line":55,"column":30},"end":{"line":55,"column":null}}],"line":55},"3":{"loc":{"start":{"line":57,"column":12},"end":{"line":57,"column":null}},"type":"cond-expr","locations":[{"start":{"line":57,"column":29},"end":{"line":57,"column":46}},{"start":{"line":57,"column":46},"end":{"line":57,"column":null}}],"line":57},"4":{"loc":{"start":{"line":60,"column":9},"end":{"line":61,"column":null}},"type":"binary-expr","locations":[{"start":{"line":60,"column":9},"end":{"line":60,"column":null}},{"start":{"line":61,"column":10},"end":{"line":61,"column":null}}],"line":60},"5":{"loc":{"start":{"line":70,"column":13},"end":{"line":75,"column":13}},"type":"binary-expr","locations":[{"start":{"line":70,"column":13},"end":{"line":70,"column":null}},{"start":{"line":71,"column":14},"end":{"line":75,"column":13}}],"line":70},"6":{"loc":{"start":{"line":76,"column":15},"end":{"line":76,"column":null}},"type":"cond-expr","locations":[{"start":{"line":76,"column":27},"end":{"line":76,"column":39}},{"start":{"line":76,"column":39},"end":{"line":76,"column":null}}],"line":76},"7":{"loc":{"start":{"line":76,"column":39},"end":{"line":76,"column":null}},"type":"cond-expr","locations":[{"start":{"line":76,"column":50},"end":{"line":76,"column":60}},{"start":{"line":76,"column":60},"end":{"line":76,"column":null}}],"line":76}},"s":{"0":0,"1":0,"2":0,"3":0,"4":0,"5":0,"6":0,"7":0,"8":0,"9":0,"10":0,"11":0,"12":0},"f":{"0":0,"1":0,"2":0},"b":{"0":[0,0],"1":[0,0],"2":[0,0],"3":[0,0],"4":[0,0],"5":[0,0],"6":[0,0],"7":[0,0]},"meta":{"lastBranch":8,"lastFunction":3,"lastStatement":13,"seen":{"f:20:16:20:28":0,"s:21:10:21:Infinity":0,"s:22:22:22:Infinity":1,"s:23:20:23:Infinity":2,"s:29:25:30:Infinity":3,"b:32:2:38:Infinity:undefined:undefined:undefined:undefined":0,"s:32:2:38:Infinity":4,"s:33:4:36:Infinity":5,"s:40:19:46:Infinity":6,"f:40:19:40:26":1,"s:42:4:42:Infinity":7,"s:43:4:43:Infinity":8,"s:44:4:44:Infinity":9,"f:44:4:44:21":2,"s:44:21:44:42":10,"s:45:4:45:Infinity":11,"s:48:2:81:Infinity":12,"b:54:34:54:53:54:53:54:Infinity":1,"b:55:26:55:30:55:30:55:Infinity":2,"b:57:29:57:46:57:46:57:Infinity":3,"b:60:9:60:Infinity:61:10:61:Infinity":4,"b:70:13:70:Infinity:71:14:75:13":5,"b:76:27:76:39:76:39:76:Infinity":6,"b:76:50:76:60:76:60:76:Infinity":7},"fnNames":{}}}
,"C:\\Users\\HP\\OneDrive\\Desktop\\unfiltered campus project\\ventiora\\src\\components\\comment\\CommentItem.tsx": {"path":"C:\\Users\\HP\\OneDrive\\Desktop\\unfiltered campus project\\ventiora\\src\\components\\comment\\CommentItem.tsx","statementMap":{"0":{"start":{"line":17,"column":20},"end":{"line":17,"column":null}},"1":{"start":{"line":18,"column":10},"end":{"line":18,"column":null}},"2":{"start":{"line":20,"column":22},"end":{"line":20,"column":null}},"3":{"start":{"line":21,"column":22},"end":{"line":21,"column":null}},"4":{"start":{"line":22,"column":21},"end":{"line":22,"column":null}},"5":{"start":{"line":24,"column":2},"end":{"line":89,"column":null}},"6":{"start":{"line":53,"column":29},"end":{"line":53,"column":null}},"7":{"start":{"line":53,"column":49},"end":{"line":53,"column":51}},"8":{"start":{"line":74,"column":30},"end":{"line":74,"column":null}},"9":{"start":{"line":84,"column":14},"end":{"line":84,"column":null}}},"fnMap":{"0":{"name":"CommentItem","decl":{"start":{"line":16,"column":16},"end":{"line":16,"column":28}},"loc":{"start":{"line":16,"column":70},"end":{"line":91,"column":null}},"line":16},"1":{"name":"(anonymous_1)","decl":{"start":{"line":53,"column":14},"end":{"line":53,"column":29}},"loc":{"start":{"line":53,"column":29},"end":{"line":53,"column":null}},"line":53},"2":{"name":"(anonymous_2)","decl":{"start":{"line":53,"column":29},"end":{"line":53,"column":43}},"loc":{"start":{"line":53,"column":49},"end":{"line":53,"column":51}},"line":53},"3":{"name":"(anonymous_3)","decl":{"start":{"line":74,"column":14},"end":{"line":74,"column":30}},"loc":{"start":{"line":74,"column":30},"end":{"line":74,"column":null}},"line":74},"4":{"name":"(anonymous_4)","decl":{"start":{"line":83,"column":29},"end":{"line":83,"column":34}},"loc":{"start":{"line":84,"column":14},"end":{"line":84,"column":null}},"line":84}},"branchMap":{"0":{"loc":{"start":{"line":16,"column":39},"end":{"line":16,"column":70}},"type":"default-arg","locations":[{"start":{"line":16,"column":47},"end":{"line":16,"column":70}}],"line":16},"1":{"loc":{"start":{"line":21,"column":22},"end":{"line":21,"column":null}},"type":"cond-expr","locations":[{"start":{"line":21,"column":36},"end":{"line":21,"column":50}},{"start":{"line":21,"column":50},"end":{"line":21,"column":null}}],"line":21},"2":{"loc":{"start":{"line":25,"column":34},"end":{"line":25,"column":62}},"type":"cond-expr","locations":[{"start":{"line":25,"column":46},"end":{"line":25,"column":55}},{"start":{"line":25,"column":55},"end":{"line":25,"column":62}}],"line":25},"3":{"loc":{"start":{"line":27,"column":9},"end":{"line":32,"column":null}},"type":"cond-expr","locations":[{"start":{"line":28,"column":10},"end":{"line":32,"column":11}},{"start":{"line":32,"column":10},"end":{"line":32,"column":null}}],"line":27},"4":{"loc":{"start":{"line":39,"column":54},"end":{"line":39,"column":null}},"type":"cond-expr","locations":[{"start":{"line":39,"column":68},"end":{"line":39,"column":96}},{"start":{"line":39,"column":96},"end":{"line":39,"column":null}}],"line":39},"5":{"loc":{"start":{"line":51,"column":11},"end":{"line":59,"column":null}},"type":"binary-expr","locations":[{"start":{"line":51,"column":11},"end":{"line":51,"column":26}},{"start":{"line":51,"column":26},"end":{"line":51,"column":null}},{"start":{"line":52,"column":12},"end":{"line":59,"column":null}}],"line":51},"6":{"loc":{"start":{"line":59,"column":11},"end":{"line":66,"column":null}},"type":"binary-expr","locations":[{"start":{"line":59,"column":11},"end":{"line":59,"column":null}},{"start":{"line":60,"column":12},"end":{"line":66,"column":null}}],"line":59},"7":{"loc":{"start":{"line":69,"column":9},"end":{"line":77,"column":null}},"type":"binary-expr","locations":[{"start":{"line":69,"column":9},"end":{"line":69,"column":null}},{"start":{"line":70,"column":10},"end":{"line":77,"column":null}}],"line":69},"8":{"loc":{"start":{"line":81,"column":9},"end":{"line":86,"column":null}},"type":"binary-expr","locations":[{"start":{"line":81,"column":9},"end":{"line":81,"column":28}},{"start":{"line":81,"column":28},"end":{"line":81,"column":58}},{"start":{"line":81,"column":58},"end":{"line":81,"column":null}},{"start":{"line":82,"column":10},"end":{"line":86,"column":null}}],"line":81}},"s":{"0":0,"1":0,"2":0,"3":0,"4":0,"5":0,"6":0,"7":0,"8":0,"9":0},"f":{"0":0,"1":0,"2":0,"3":0,"4":0},"b":{"0":[0],"1":[0,0],"2":[0,0],"3":[0,0],"4":[0,0],"5":[0,0,0],"6":[0,0],"7":[0,0],"8":[0,0,0,0]},"meta":{"lastBranch":9,"lastFunction":5,"lastStatement":10,"seen":{"f:16:16:16:28":0,"b:16:47:16:70":0,"s:17:20:17:Infinity":0,"s:18:10:18:Infinity":1,"s:20:22:20:Infinity":2,"s:21:22:21:Infinity":3,"b:21:36:21:50:21:50:21:Infinity":1,"s:22:21:22:Infinity":4,"s:24:2:89:Infinity":5,"b:25:46:25:55:25:55:25:62":2,"b:28:10:32:11:32:10:32:Infinity":3,"b:39:68:39:96:39:96:39:Infinity":4,"b:51:11:51:26:51:26:51:Infinity:52:12:59:Infinity":5,"f:53:14:53:29":1,"s:53:29:53:Infinity":6,"f:53:29:53:43":2,"s:53:49:53:51":7,"b:59:11:59:Infinity:60:12:66:Infinity":6,"b:69:9:69:Infinity:70:10:77:Infinity":7,"f:74:14:74:30":3,"s:74:30:74:Infinity":8,"b:81:9:81:28:81:28:81:58:81:58:81:Infinity:82:10:86:Infinity":8,"f:83:29:83:34":4,"s:84:14:84:Infinity":9},"fnNames":{}}}
,"C:\\Users\\HP\\OneDrive\\Desktop\\unfiltered campus project\\ventiora\\src\\components\\layout\\AdminLayout.tsx": {"path":"C:\\Users\\HP\\OneDrive\\Desktop\\unfiltered campus project\\ventiora\\src\\components\\layout\\AdminLayout.tsx","statementMap":{"0":{"start":{"line":12,"column":10},"end":{"line":12,"column":null}},"1":{"start":{"line":13,"column":8},"end":{"line":13,"column":null}},"2":{"start":{"line":15,"column":2},"end":{"line":42,"column":null}}},"fnMap":{"0":{"name":"AdminLayout","decl":{"start":{"line":11,"column":16},"end":{"line":11,"column":28}},"loc":{"start":{"line":11,"column":60},"end":{"line":44,"column":null}},"line":11}},"branchMap":{},"s":{"0":0,"1":0,"2":0},"f":{"0":0},"b":{},"meta":{"lastBranch":0,"lastFunction":1,"lastStatement":3,"seen":{"f:11:16:11:28":0,"s:12:10:12:Infinity":0,"s:13:8:13:Infinity":1,"s:15:2:42:Infinity":2},"fnNames":{}}}
,"C:\\Users\\HP\\OneDrive\\Desktop\\unfiltered campus project\\ventiora\\src\\components\\layout\\AdminSidebar.tsx": {"path":"C:\\Users\\HP\\OneDrive\\Desktop\\unfiltered campus project\\ventiora\\src\\components\\layout\\AdminSidebar.tsx","statementMap":{"0":{"start":{"line":18,"column":16},"end":{"line":18,"column":null}},"1":{"start":{"line":20,"column":19},"end":{"line":29,"column":null}},"2":{"start":{"line":31,"column":2},"end":{"line":85,"column":null}},"3":{"start":{"line":47,"column":25},"end":{"line":47,"column":null}},"4":{"start":{"line":48,"column":12},"end":{"line":64,"column":null}},"5":{"start":{"line":54,"column":20},"end":{"line":57,"column":null}}},"fnMap":{"0":{"name":"AdminSidebar","decl":{"start":{"line":17,"column":16},"end":{"line":17,"column":31}},"loc":{"start":{"line":17,"column":31},"end":{"line":87,"column":null}},"line":17},"1":{"name":"(anonymous_1)","decl":{"start":{"line":46,"column":20},"end":{"line":46,"column":25}},"loc":{"start":{"line":46,"column":34},"end":{"line":66,"column":11}},"line":46},"2":{"name":"(anonymous_2)","decl":{"start":{"line":53,"column":18},"end":{"line":53,"column":30}},"loc":{"start":{"line":54,"column":20},"end":{"line":57,"column":null}},"line":54}},"branchMap":{"0":{"loc":{"start":{"line":55,"column":22},"end":{"line":57,"column":null}},"type":"cond-expr","locations":[{"start":{"line":56,"column":26},"end":{"line":56,"column":null}},{"start":{"line":57,"column":26},"end":{"line":57,"column":null}}],"line":55}},"s":{"0":0,"1":0,"2":0,"3":0,"4":0,"5":0},"f":{"0":0,"1":0,"2":0},"b":{"0":[0,0]},"meta":{"lastBranch":1,"lastFunction":3,"lastStatement":6,"seen":{"f:17:16:17:31":0,"s:18:16:18:Infinity":0,"s:20:19:29:Infinity":1,"s:31:2:85:Infinity":2,"f:46:20:46:25":1,"s:47:25:47:Infinity":3,"s:48:12:64:Infinity":4,"f:53:18:53:30":2,"s:54:20:57:Infinity":5,"b:56:26:56:Infinity:57:26:57:Infinity":0},"fnNames":{}}}
,"C:\\Users\\HP\\OneDrive\\Desktop\\unfiltered campus project\\ventiora\\src\\components\\layout\\Navbar.tsx": {"path":"C:\\Users\\HP\\OneDrive\\Desktop\\unfiltered campus project\\ventiora\\src\\components\\layout\\Navbar.tsx","statementMap":{"0":{"start":{"line":10,"column":33},"end":{"line":10,"column":null}},"1":{"start":{"line":11,"column":8},"end":{"line":11,"column":null}},"2":{"start":{"line":12,"column":33},"end":{"line":12,"column":null}},"3":{"start":{"line":14,"column":24},"end":{"line":14,"column":null}},"4":{"start":{"line":15,"column":8},"end":{"line":15,"column":null}},"5":{"start":{"line":16,"column":2},"end":{"line":16,"column":null}},"6":{"start":{"line":16,"column":40},"end":{"line":16,"column":63}},"7":{"start":{"line":18,"column":23},"end":{"line":18,"column":null}},"8":{"start":{"line":19,"column":8},"end":{"line":19,"column":null}},"9":{"start":{"line":20,"column":2},"end":{"line":20,"column":null}},"10":{"start":{"line":20,"column":39},"end":{"line":20,"column":61}},"11":{"start":{"line":22,"column":27},"end":{"line":22,"column":null}},"12":{"start":{"line":24,"column":2},"end":{"line":239,"column":null}},"13":{"start":{"line":46,"column":31},"end":{"line":46,"column":null}},"14":{"start":{"line":70,"column":31},"end":{"line":70,"column":null}},"15":{"start":{"line":80,"column":45},"end":{"line":80,"column":66}},"16":{"start":{"line":80,"column":66},"end":{"line":80,"column":91}},"17":{"start":{"line":81,"column":45},"end":{"line":81,"column":66}},"18":{"start":{"line":81,"column":66},"end":{"line":81,"column":91}},"19":{"start":{"line":82,"column":45},"end":{"line":82,"column":66}},"20":{"start":{"line":82,"column":66},"end":{"line":82,"column":91}},"21":{"start":{"line":83,"column":45},"end":{"line":83,"column":66}},"22":{"start":{"line":83,"column":66},"end":{"line":83,"column":91}},"23":{"start":{"line":98,"column":57},"end":{"line":98,"column":80}},"24":{"start":{"line":106,"column":33},"end":{"line":106,"column":null}},"25":{"start":{"line":119,"column":43},"end":{"line":119,"column":67}},"26":{"start":{"line":123,"column":45},"end":{"line":123,"column":69}},"27":{"start":{"line":127,"column":47},"end":{"line":127,"column":57}},"28":{"start":{"line":127,"column":57},"end":{"line":127,"column":81}},"29":{"start":{"line":135,"column":37},"end":{"line":135,"column":57}},"30":{"start":{"line":143,"column":29},"end":{"line":143,"column":null}},"31":{"start":{"line":162,"column":18},"end":{"line":162,"column":null}},"32":{"start":{"line":163,"column":18},"end":{"line":163,"column":null}},"33":{"start":{"line":171,"column":31},"end":{"line":171,"column":null}},"34":{"start":{"line":178,"column":31},"end":{"line":178,"column":null}},"35":{"start":{"line":185,"column":31},"end":{"line":185,"column":null}},"36":{"start":{"line":205,"column":35},"end":{"line":205,"column":null}},"37":{"start":{"line":213,"column":37},"end":{"line":213,"column":null}},"38":{"start":{"line":221,"column":37},"end":{"line":221,"column":47}},"39":{"start":{"line":221,"column":47},"end":{"line":221,"column":75}},"40":{"start":{"line":230,"column":33},"end":{"line":230,"column":61}},"41":{"start":{"line":230,"column":61},"end":{"line":230,"column":81}}},"fnMap":{"0":{"name":"Navbar","decl":{"start":{"line":9,"column":16},"end":{"line":9,"column":25}},"loc":{"start":{"line":9,"column":25},"end":{"line":241,"column":null}},"line":9},"1":{"name":"(anonymous_1)","decl":{"start":{"line":16,"column":20},"end":{"line":16,"column":40}},"loc":{"start":{"line":16,"column":40},"end":{"line":16,"column":63}},"line":16},"2":{"name":"(anonymous_2)","decl":{"start":{"line":20,"column":20},"end":{"line":20,"column":39}},"loc":{"start":{"line":20,"column":39},"end":{"line":20,"column":61}},"line":20},"3":{"name":"(anonymous_3)","decl":{"start":{"line":46,"column":16},"end":{"line":46,"column":31}},"loc":{"start":{"line":46,"column":31},"end":{"line":46,"column":null}},"line":46},"4":{"name":"(anonymous_4)","decl":{"start":{"line":70,"column":16},"end":{"line":70,"column":31}},"loc":{"start":{"line":70,"column":31},"end":{"line":70,"column":null}},"line":70},"5":{"name":"(anonymous_5)","decl":{"start":{"line":80,"column":28},"end":{"line":80,"column":43}},"loc":{"start":{"line":80,"column":43},"end":{"line":80,"column":94}},"line":80},"6":{"name":"(anonymous_6)","decl":{"start":{"line":81,"column":28},"end":{"line":81,"column":43}},"loc":{"start":{"line":81,"column":43},"end":{"line":81,"column":94}},"line":81},"7":{"name":"(anonymous_7)","decl":{"start":{"line":82,"column":28},"end":{"line":82,"column":43}},"loc":{"start":{"line":82,"column":43},"end":{"line":82,"column":94}},"line":82},"8":{"name":"(anonymous_8)","decl":{"start":{"line":83,"column":28},"end":{"line":83,"column":43}},"loc":{"start":{"line":83,"column":43},"end":{"line":83,"column":94}},"line":83},"9":{"name":"(anonymous_9)","decl":{"start":{"line":98,"column":42},"end":{"line":98,"column":57}},"loc":{"start":{"line":98,"column":57},"end":{"line":98,"column":80}},"line":98},"10":{"name":"(anonymous_10)","decl":{"start":{"line":106,"column":18},"end":{"line":106,"column":33}},"loc":{"start":{"line":106,"column":33},"end":{"line":106,"column":null}},"line":106},"11":{"name":"(anonymous_11)","decl":{"start":{"line":119,"column":28},"end":{"line":119,"column":43}},"loc":{"start":{"line":119,"column":43},"end":{"line":119,"column":67}},"line":119},"12":{"name":"(anonymous_12)","decl":{"start":{"line":123,"column":30},"end":{"line":123,"column":45}},"loc":{"start":{"line":123,"column":45},"end":{"line":123,"column":69}},"line":123},"13":{"name":"(anonymous_13)","decl":{"start":{"line":127,"column":30},"end":{"line":127,"column":45}},"loc":{"start":{"line":127,"column":45},"end":{"line":127,"column":84}},"line":127},"14":{"name":"(anonymous_14)","decl":{"start":{"line":135,"column":22},"end":{"line":135,"column":37}},"loc":{"start":{"line":135,"column":37},"end":{"line":135,"column":57}},"line":135},"15":{"name":"(anonymous_15)","decl":{"start":{"line":143,"column":14},"end":{"line":143,"column":29}},"loc":{"start":{"line":143,"column":29},"end":{"line":143,"column":null}},"line":143},"16":{"name":"(anonymous_16)","decl":{"start":{"line":161,"column":16},"end":{"line":161,"column":31}},"loc":{"start":{"line":161,"column":31},"end":{"line":164,"column":null}},"line":161},"17":{"name":"(anonymous_17)","decl":{"start":{"line":171,"column":16},"end":{"line":171,"column":31}},"loc":{"start":{"line":171,"column":31},"end":{"line":171,"column":null}},"line":171},"18":{"name":"(anonymous_18)","decl":{"start":{"line":178,"column":16},"end":{"line":178,"column":31}},"loc":{"start":{"line":178,"column":31},"end":{"line":178,"column":null}},"line":178},"19":{"name":"(anonymous_19)","decl":{"start":{"line":185,"column":16},"end":{"line":185,"column":31}},"loc":{"start":{"line":185,"column":31},"end":{"line":185,"column":null}},"line":185},"20":{"name":"(anonymous_20)","decl":{"start":{"line":205,"column":20},"end":{"line":205,"column":35}},"loc":{"start":{"line":205,"column":35},"end":{"line":205,"column":null}},"line":205},"21":{"name":"(anonymous_21)","decl":{"start":{"line":213,"column":22},"end":{"line":213,"column":37}},"loc":{"start":{"line":213,"column":37},"end":{"line":213,"column":null}},"line":213},"22":{"name":"(anonymous_22)","decl":{"start":{"line":221,"column":20},"end":{"line":221,"column":35}},"loc":{"start":{"line":221,"column":35},"end":{"line":221,"column":null}},"line":221},"23":{"name":"(anonymous_23)","decl":{"start":{"line":230,"column":16},"end":{"line":230,"column":31}},"loc":{"start":{"line":230,"column":31},"end":{"line":230,"column":null}},"line":230}},"branchMap":{"0":{"loc":{"start":{"line":77,"column":15},"end":{"line":87,"column":null}},"type":"binary-expr","locations":[{"start":{"line":77,"column":15},"end":{"line":77,"column":null}},{"start":{"line":78,"column":16},"end":{"line":87,"column":null}}],"line":77},"1":{"loc":{"start":{"line":80,"column":190},"end":{"line":80,"column":250}},"type":"cond-expr","locations":[{"start":{"line":80,"column":212},"end":{"line":80,"column":229}},{"start":{"line":80,"column":229},"end":{"line":80,"column":250}}],"line":80},"2":{"loc":{"start":{"line":81,"column":190},"end":{"line":81,"column":250}},"type":"cond-expr","locations":[{"start":{"line":81,"column":212},"end":{"line":81,"column":229}},{"start":{"line":81,"column":229},"end":{"line":81,"column":250}}],"line":81},"3":{"loc":{"start":{"line":82,"column":190},"end":{"line":82,"column":250}},"type":"cond-expr","locations":[{"start":{"line":82,"column":212},"end":{"line":82,"column":229}},{"start":{"line":82,"column":229},"end":{"line":82,"column":250}}],"line":82},"4":{"loc":{"start":{"line":83,"column":190},"end":{"line":83,"column":250}},"type":"cond-expr","locations":[{"start":{"line":83,"column":212},"end":{"line":83,"column":229}},{"start":{"line":83,"column":229},"end":{"line":83,"column":250}}],"line":83},"5":{"loc":{"start":{"line":90,"column":15},"end":{"line":90,"column":null}},"type":"cond-expr","locations":[{"start":{"line":90,"column":33},"end":{"line":90,"column":64}},{"start":{"line":90,"column":63},"end":{"line":90,"column":null}}],"line":90},"6":{"loc":{"start":{"line":103,"column":13},"end":{"line":137,"column":null}},"type":"cond-expr","locations":[{"start":{"line":104,"column":14},"end":{"line":135,"column":15}},{"start":{"line":135,"column":14},"end":{"line":137,"column":null}}],"line":103},"7":{"loc":{"start":{"line":112,"column":17},"end":{"line":133,"column":null}},"type":"binary-expr","locations":[{"start":{"line":112,"column":17},"end":{"line":112,"column":null}},{"start":{"line":113,"column":18},"end":{"line":133,"column":null}}],"line":112},"8":{"loc":{"start":{"line":122,"column":23},"end":{"line":125,"column":null}},"type":"binary-expr","locations":[{"start":{"line":122,"column":23},"end":{"line":122,"column":null}},{"start":{"line":123,"column":24},"end":{"line":125,"column":null}}],"line":122},"9":{"loc":{"start":{"line":141,"column":26},"end":{"line":141,"column":null}},"type":"cond-expr","locations":[{"start":{"line":141,"column":45},"end":{"line":141,"column":60}},{"start":{"line":141,"column":60},"end":{"line":141,"column":null}}],"line":141},"10":{"loc":{"start":{"line":145,"column":15},"end":{"line":145,"column":null}},"type":"cond-expr","locations":[{"start":{"line":145,"column":34},"end":{"line":145,"column":63}},{"start":{"line":145,"column":62},"end":{"line":145,"column":null}}],"line":145},"11":{"loc":{"start":{"line":152,"column":7},"end":{"line":239,"column":null}},"type":"binary-expr","locations":[{"start":{"line":152,"column":7},"end":{"line":152,"column":null}},{"start":{"line":153,"column":8},"end":{"line":239,"column":null}}],"line":152},"12":{"loc":{"start":{"line":194,"column":13},"end":{"line":234,"column":null}},"type":"cond-expr","locations":[{"start":{"line":195,"column":14},"end":{"line":229,"column":15}},{"start":{"line":229,"column":14},"end":{"line":234,"column":null}}],"line":194},"13":{"loc":{"start":{"line":211,"column":19},"end":{"line":218,"column":null}},"type":"binary-expr","locations":[{"start":{"line":211,"column":19},"end":{"line":211,"column":null}},{"start":{"line":212,"column":20},"end":{"line":218,"column":null}}],"line":211}},"s":{"0":2,"1":2,"2":2,"3":2,"4":2,"5":2,"6":0,"7":2,"8":2,"9":2,"10":0,"11":2,"12":2,"13":0,"14":0,"15":0,"16":0,"17":0,"18":0,"19":0,"20":0,"21":0,"22":0,"23":0,"24":0,"25":0,"26":0,"27":0,"28":0,"29":0,"30":0,"31":0,"32":0,"33":0,"34":0,"35":0,"36":0,"37":0,"38":0,"39":0,"40":0,"41":0},"f":{"0":2,"1":0,"2":0,"3":0,"4":0,"5":0,"6":0,"7":0,"8":0,"9":0,"10":0,"11":0,"12":0,"13":0,"14":0,"15":0,"16":0,"17":0,"18":0,"19":0,"20":0,"21":0,"22":0,"23":0},"b":{"0":[2,0],"1":[0,0],"2":[0,0],"3":[0,0],"4":[0,0],"5":[0,2],"6":[2,0],"7":[2,0],"8":[0,0],"9":[0,2],"10":[0,2],"11":[2,0],"12":[0,0],"13":[0,0]},"meta":{"lastBranch":14,"lastFunction":24,"lastStatement":42,"seen":{"f:9:16:9:25":0,"s:10:33:10:Infinity":0,"s:11:8:11:Infinity":1,"s:12:33:12:Infinity":2,"s:14:24:14:Infinity":3,"s:15:8:15:Infinity":4,"s:16:2:16:Infinity":5,"f:16:20:16:40":1,"s:16:40:16:63":6,"s:18:23:18:Infinity":7,"s:19:8:19:Infinity":8,"s:20:2:20:Infinity":9,"f:20:20:20:39":2,"s:20:39:20:61":10,"s:22:27:22:Infinity":11,"s:24:2:239:Infinity":12,"f:46:16:46:31":3,"s:46:31:46:Infinity":13,"f:70:16:70:31":4,"s:70:31:70:Infinity":14,"b:77:15:77:Infinity:78:16:87:Infinity":0,"f:80:28:80:43":5,"s:80:45:80:66":15,"s:80:66:80:91":16,"b:80:212:80:229:80:229:80:250":1,"f:81:28:81:43":6,"s:81:45:81:66":17,"s:81:66:81:91":18,"b:81:212:81:229:81:229:81:250":2,"f:82:28:82:43":7,"s:82:45:82:66":19,"s:82:66:82:91":20,"b:82:212:82:229:82:229:82:250":3,"f:83:28:83:43":8,"s:83:45:83:66":21,"s:83:66:83:91":22,"b:83:212:83:229:83:229:83:250":4,"b:90:33:90:64:90:63:90:Infinity":5,"f:98:42:98:57":9,"s:98:57:98:80":23,"b:104:14:135:15:135:14:137:Infinity":6,"f:106:18:106:33":10,"s:106:33:106:Infinity":24,"b:112:17:112:Infinity:113:18:133:Infinity":7,"f:119:28:119:43":11,"s:119:43:119:67":25,"b:122:23:122:Infinity:123:24:125:Infinity":8,"f:123:30:123:45":12,"s:123:45:123:69":26,"f:127:30:127:45":13,"s:127:47:127:57":27,"s:127:57:127:81":28,"f:135:22:135:37":14,"s:135:37:135:57":29,"b:141:45:141:60:141:60:141:Infinity":9,"f:143:14:143:29":15,"s:143:29:143:Infinity":30,"b:145:34:145:63:145:62:145:Infinity":10,"b:152:7:152:Infinity:153:8:239:Infinity":11,"f:161:16:161:31":16,"s:162:18:162:Infinity":31,"s:163:18:163:Infinity":32,"f:171:16:171:31":17,"s:171:31:171:Infinity":33,"f:178:16:178:31":18,"s:178:31:178:Infinity":34,"f:185:16:185:31":19,"s:185:31:185:Infinity":35,"b:195:14:229:15:229:14:234:Infinity":12,"f:205:20:205:35":20,"s:205:35:205:Infinity":36,"b:211:19:211:Infinity:212:20:218:Infinity":13,"f:213:22:213:37":21,"s:213:37:213:Infinity":37,"f:221:20:221:35":22,"s:221:37:221:47":38,"s:221:47:221:75":39,"f:230:16:230:31":23,"s:230:33:230:61":40,"s:230:61:230:81":41},"fnNames":{}}}
,"C:\\Users\\HP\\OneDrive\\Desktop\\unfiltered campus project\\ventiora\\src\\components\\layout\\PageWrapper.tsx": {"path":"C:\\Users\\HP\\OneDrive\\Desktop\\unfiltered campus project\\ventiora\\src\\components\\layout\\PageWrapper.tsx","statementMap":{"0":{"start":{"line":14,"column":33},"end":{"line":18,"column":null}},"1":{"start":{"line":20,"column":2},"end":{"line":70,"column":null}}},"fnMap":{"0":{"name":"PageWrapper","decl":{"start":{"line":13,"column":16},"end":{"line":13,"column":28}},"loc":{"start":{"line":13,"column":82},"end":{"line":72,"column":null}},"line":13}},"branchMap":{"0":{"loc":{"start":{"line":13,"column":40},"end":{"line":13,"column":82}},"type":"default-arg","locations":[{"start":{"line":13,"column":55},"end":{"line":13,"column":82}}],"line":13},"1":{"loc":{"start":{"line":24,"column":9},"end":{"line":47,"column":null}},"type":"cond-expr","locations":[{"start":{"line":25,"column":10},"end":{"line":40,"column":11}},{"start":{"line":40,"column":10},"end":{"line":47,"column":null}}],"line":24}},"s":{"0":2,"1":2},"f":{"0":2},"b":{"0":[2],"1":[2,0]},"meta":{"lastBranch":2,"lastFunction":1,"lastStatement":2,"seen":{"f:13:16:13:28":0,"b:13:55:13:82":0,"s:14:33:18:Infinity":0,"s:20:2:70:Infinity":1,"b:25:10:40:11:40:10:47:Infinity":1},"fnNames":{}}}
,"C:\\Users\\HP\\OneDrive\\Desktop\\unfiltered campus project\\ventiora\\src\\components\\messages\\ChatBubble.tsx": {"path":"C:\\Users\\HP\\OneDrive\\Desktop\\unfiltered campus project\\ventiora\\src\\components\\messages\\ChatBubble.tsx","statementMap":{"0":{"start":{"line":20,"column":21},"end":{"line":20,"column":null}},"1":{"start":{"line":22,"column":2},"end":{"line":48,"column":null}}},"fnMap":{"0":{"name":"ChatBubble","decl":{"start":{"line":19,"column":16},"end":{"line":19,"column":27}},"loc":{"start":{"line":19,"column":76},"end":{"line":50,"column":null}},"line":19}},"branchMap":{"0":{"loc":{"start":{"line":19,"column":38},"end":{"line":19,"column":76}},"type":"default-arg","locations":[{"start":{"line":19,"column":51},"end":{"line":19,"column":76}}],"line":19},"1":{"loc":{"start":{"line":26,"column":32},"end":{"line":26,"column":82}},"type":"cond-expr","locations":[{"start":{"line":26,"column":50},"end":{"line":26,"column":66}},{"start":{"line":26,"column":66},"end":{"line":26,"column":82}}],"line":26},"2":{"loc":{"start":{"line":28,"column":7},"end":{"line":31,"column":null}},"type":"binary-expr","locations":[{"start":{"line":28,"column":7},"end":{"line":28,"column":27}},{"start":{"line":28,"column":27},"end":{"line":28,"column":null}},{"start":{"line":29,"column":8},"end":{"line":31,"column":null}}],"line":28},"3":{"loc":{"start":{"line":34,"column":7},"end":{"line":34,"column":67}},"type":"binary-expr","locations":[{"start":{"line":34,"column":7},"end":{"line":34,"column":27}},{"start":{"line":34,"column":27},"end":{"line":34,"column":42}},{"start":{"line":34,"column":42},"end":{"line":34,"column":67}}],"line":34},"4":{"loc":{"start":{"line":36,"column":39},"end":{"line":36,"column":85}},"type":"cond-expr","locations":[{"start":{"line":36,"column":57},"end":{"line":36,"column":71}},{"start":{"line":36,"column":71},"end":{"line":36,"column":85}}],"line":36},"5":{"loc":{"start":{"line":39,"column":12},"end":{"line":41,"column":null}},"type":"cond-expr","locations":[{"start":{"line":40,"column":16},"end":{"line":40,"column":null}},{"start":{"line":41,"column":16},"end":{"line":41,"column":null}}],"line":39}},"s":{"0":0,"1":0},"f":{"0":0},"b":{"0":[0],"1":[0,0],"2":[0,0,0],"3":[0,0,0],"4":[0,0],"5":[0,0]},"meta":{"lastBranch":6,"lastFunction":1,"lastStatement":2,"seen":{"f:19:16:19:27":0,"b:19:51:19:76":0,"s:20:21:20:Infinity":0,"s:22:2:48:Infinity":1,"b:26:50:26:66:26:66:26:82":1,"b:28:7:28:27:28:27:28:Infinity:29:8:31:Infinity":2,"b:34:7:34:27:34:27:34:42:34:42:34:67":3,"b:36:57:36:71:36:71:36:85":4,"b:40:16:40:Infinity:41:16:41:Infinity":5},"fnNames":{}}}
,"C:\\Users\\HP\\OneDrive\\Desktop\\unfiltered campus project\\ventiora\\src\\components\\notification\\NotificationItem.tsx": {"path":"C:\\Users\\HP\\OneDrive\\Desktop\\unfiltered campus project\\ventiora\\src\\components\\notification\\NotificationItem.tsx","statementMap":{"0":{"start":{"line":12,"column":8},"end":{"line":29,"column":null}},"1":{"start":{"line":13,"column":4},"end":{"line":28,"column":null}},"2":{"start":{"line":16,"column":8},"end":{"line":16,"column":null}},"3":{"start":{"line":19,"column":8},"end":{"line":19,"column":null}},"4":{"start":{"line":21,"column":8},"end":{"line":21,"column":null}},"5":{"start":{"line":23,"column":8},"end":{"line":23,"column":null}},"6":{"start":{"line":25,"column":8},"end":{"line":25,"column":null}},"7":{"start":{"line":27,"column":8},"end":{"line":27,"column":null}},"8":{"start":{"line":31,"column":8},"end":{"line":36,"column":null}},"9":{"start":{"line":32,"column":4},"end":{"line":34,"column":null}},"10":{"start":{"line":33,"column":6},"end":{"line":33,"column":null}},"11":{"start":{"line":35,"column":4},"end":{"line":35,"column":null}},"12":{"start":{"line":38,"column":2},"end":{"line":66,"column":null}}},"fnMap":{"0":{"name":"NotificationItem","decl":{"start":{"line":11,"column":16},"end":{"line":11,"column":33}},"loc":{"start":{"line":11,"column":74},"end":{"line":68,"column":null}},"line":11},"1":{"name":"(anonymous_1)","decl":{"start":{"line":12,"column":8},"end":{"line":12,"column":24}},"loc":{"start":{"line":12,"column":24},"end":{"line":29,"column":null}},"line":12},"2":{"name":"(anonymous_2)","decl":{"start":{"line":31,"column":8},"end":{"line":31,"column":30}},"loc":{"start":{"line":31,"column":30},"end":{"line":36,"column":null}},"line":31}},"branchMap":{"0":{"loc":{"start":{"line":13,"column":4},"end":{"line":28,"column":null}},"type":"switch","locations":[{"start":{"line":14,"column":6},"end":{"line":14,"column":null}},{"start":{"line":15,"column":6},"end":{"line":16,"column":null}},{"start":{"line":17,"column":6},"end":{"line":17,"column":null}},{"start":{"line":18,"column":6},"end":{"line":19,"column":null}},{"start":{"line":20,"column":6},"end":{"line":21,"column":null}},{"start":{"line":22,"column":6},"end":{"line":23,"column":null}},{"start":{"line":24,"column":6},"end":{"line":25,"column":null}},{"start":{"line":26,"column":6},"end":{"line":27,"column":null}}],"line":13},"1":{"loc":{"start":{"line":32,"column":4},"end":{"line":34,"column":null}},"type":"if","locations":[{"start":{"line":32,"column":4},"end":{"line":34,"column":null}},{"start":{},"end":{}}],"line":32},"2":{"loc":{"start":{"line":32,"column":8},"end":{"line":32,"column":69}},"type":"binary-expr","locations":[{"start":{"line":32,"column":8},"end":{"line":32,"column":46}},{"start":{"line":32,"column":46},"end":{"line":32,"column":69}}],"line":32},"3":{"loc":{"start":{"line":42,"column":8},"end":{"line":42,"column":null}},"type":"cond-expr","locations":[{"start":{"line":42,"column":31},"end":{"line":42,"column":48}},{"start":{"line":42,"column":48},"end":{"line":42,"column":null}}],"line":42},"4":{"loc":{"start":{"line":53,"column":45},"end":{"line":53,"column":90}},"type":"binary-expr","locations":[{"start":{"line":53,"column":45},"end":{"line":53,"column":75}},{"start":{"line":53,"column":75},"end":{"line":53,"column":90}}],"line":53},"5":{"loc":{"start":{"line":60,"column":9},"end":{"line":63,"column":null}},"type":"binary-expr","locations":[{"start":{"line":60,"column":9},"end":{"line":60,"column":null}},{"start":{"line":61,"column":10},"end":{"line":63,"column":null}}],"line":60}},"s":{"0":0,"1":0,"2":0,"3":0,"4":0,"5":0,"6":0,"7":0,"8":0,"9":0,"10":0,"11":0,"12":0},"f":{"0":0,"1":0,"2":0},"b":{"0":[0,0,0,0,0,0,0,0],"1":[0,0],"2":[0,0],"3":[0,0],"4":[0,0],"5":[0,0]},"meta":{"lastBranch":6,"lastFunction":3,"lastStatement":13,"seen":{"f:11:16:11:33":0,"s:12:8:29:Infinity":0,"f:12:8:12:24":1,"b:14:6:14:Infinity:15:6:16:Infinity:17:6:17:Infinity:18:6:19:Infinity:20:6:21:Infinity:22:6:23:Infinity:24:6:25:Infinity:26:6:27:Infinity":0,"s:13:4:28:Infinity":1,"s:16:8:16:Infinity":2,"s:19:8:19:Infinity":3,"s:21:8:21:Infinity":4,"s:23:8:23:Infinity":5,"s:25:8:25:Infinity":6,"s:27:8:27:Infinity":7,"s:31:8:36:Infinity":8,"f:31:8:31:30":2,"b:32:4:34:Infinity:undefined:undefined:undefined:undefined":1,"s:32:4:34:Infinity":9,"b:32:8:32:46:32:46:32:69":2,"s:33:6:33:Infinity":10,"s:35:4:35:Infinity":11,"s:38:2:66:Infinity":12,"b:42:31:42:48:42:48:42:Infinity":3,"b:53:45:53:75:53:75:53:90":4,"b:60:9:60:Infinity:61:10:63:Infinity":5},"fnNames":{}}}
,"C:\\Users\\HP\\OneDrive\\Desktop\\unfiltered campus project\\ventiora\\src\\components\\report\\ReportButton.tsx": {"path":"C:\\Users\\HP\\OneDrive\\Desktop\\unfiltered campus project\\ventiora\\src\\components\\report\\ReportButton.tsx","statementMap":{"0":{"start":{"line":13,"column":15},"end":{"line":13,"column":null}},"1":{"start":{"line":15,"column":2},"end":{"line":36,"column":null}},"2":{"start":{"line":18,"column":23},"end":{"line":18,"column":null}},"3":{"start":{"line":32,"column":23},"end":{"line":32,"column":null}}},"fnMap":{"0":{"name":"ReportButton","decl":{"start":{"line":12,"column":16},"end":{"line":12,"column":29}},"loc":{"start":{"line":12,"column":83},"end":{"line":38,"column":null}},"line":12},"1":{"name":"(anonymous_1)","decl":{"start":{"line":18,"column":8},"end":{"line":18,"column":23}},"loc":{"start":{"line":18,"column":23},"end":{"line":18,"column":null}},"line":18},"2":{"name":"(anonymous_2)","decl":{"start":{"line":32,"column":8},"end":{"line":32,"column":23}},"loc":{"start":{"line":32,"column":23},"end":{"line":32,"column":null}},"line":32}},"branchMap":{"0":{"loc":{"start":{"line":21,"column":10},"end":{"line":21,"column":null}},"type":"cond-expr","locations":[{"start":{"line":21,"column":20},"end":{"line":21,"column":32}},{"start":{"line":21,"column":32},"end":{"line":21,"column":null}}],"line":21},"1":{"loc":{"start":{"line":28,"column":9},"end":{"line":28,"column":null}},"type":"binary-expr","locations":[{"start":{"line":28,"column":9},"end":{"line":28,"column":21}},{"start":{"line":28,"column":21},"end":{"line":28,"column":null}}],"line":28}},"s":{"0":0,"1":0,"2":0,"3":0},"f":{"0":0,"1":0,"2":0},"b":{"0":[0,0],"1":[0,0]},"meta":{"lastBranch":2,"lastFunction":3,"lastStatement":4,"seen":{"f:12:16:12:29":0,"s:13:15:13:Infinity":0,"s:15:2:36:Infinity":1,"f:18:8:18:23":1,"s:18:23:18:Infinity":2,"b:21:20:21:32:21:32:21:Infinity":0,"b:28:9:28:21:28:21:28:Infinity":1,"f:32:8:32:23":2,"s:32:23:32:Infinity":3},"fnNames":{}}}
,"C:\\Users\\HP\\OneDrive\\Desktop\\unfiltered campus project\\ventiora\\src\\components\\report\\ReportModal.tsx": {"path":"C:\\Users\\HP\\OneDrive\\Desktop\\unfiltered campus project\\ventiora\\src\\components\\report\\ReportModal.tsx","statementMap":{"0":{"start":{"line":16,"column":32},"end":{"line":23,"column":null}},"1":{"start":{"line":26,"column":19},"end":{"line":26,"column":null}},"2":{"start":{"line":27,"column":22},"end":{"line":27,"column":null}},"3":{"start":{"line":28,"column":20},"end":{"line":28,"column":null}},"4":{"start":{"line":30,"column":8},"end":{"line":44,"column":null}},"5":{"start":{"line":31,"column":4},"end":{"line":31,"column":null}},"6":{"start":{"line":31,"column":19},"end":{"line":31,"column":null}},"7":{"start":{"line":34,"column":4},"end":{"line":41,"column":null}},"8":{"start":{"line":43,"column":4},"end":{"line":43,"column":null}},"9":{"start":{"line":46,"column":8},"end":{"line":51,"column":null}},"10":{"start":{"line":47,"column":4},"end":{"line":47,"column":null}},"11":{"start":{"line":48,"column":4},"end":{"line":48,"column":null}},"12":{"start":{"line":49,"column":4},"end":{"line":49,"column":null}},"13":{"start":{"line":50,"column":4},"end":{"line":50,"column":null}},"14":{"start":{"line":53,"column":2},"end":{"line":122,"column":null}},"15":{"start":{"line":85,"column":14},"end":{"line":104,"column":null}},"16":{"start":{"line":98,"column":34},"end":{"line":98,"column":null}},"17":{"start":{"line":114,"column":31},"end":{"line":114,"column":null}}},"fnMap":{"0":{"name":"ReportModal","decl":{"start":{"line":25,"column":16},"end":{"line":25,"column":28}},"loc":{"start":{"line":25,"column":89},"end":{"line":124,"column":null}},"line":25},"1":{"name":"(anonymous_1)","decl":{"start":{"line":30,"column":8},"end":{"line":30,"column":29}},"loc":{"start":{"line":30,"column":29},"end":{"line":44,"column":null}},"line":30},"2":{"name":"(anonymous_2)","decl":{"start":{"line":46,"column":8},"end":{"line":46,"column":28}},"loc":{"start":{"line":46,"column":28},"end":{"line":51,"column":null}},"line":46},"3":{"name":"(anonymous_3)","decl":{"start":{"line":84,"column":21},"end":{"line":84,"column":26}},"loc":{"start":{"line":85,"column":14},"end":{"line":104,"column":null}},"line":85},"4":{"name":"(anonymous_4)","decl":{"start":{"line":98,"column":18},"end":{"line":98,"column":34}},"loc":{"start":{"line":98,"column":34},"end":{"line":98,"column":null}},"line":98},"5":{"name":"(anonymous_5)","decl":{"start":{"line":114,"column":14},"end":{"line":114,"column":25}},"loc":{"start":{"line":114,"column":31},"end":{"line":114,"column":null}},"line":114}},"branchMap":{"0":{"loc":{"start":{"line":31,"column":4},"end":{"line":31,"column":null}},"type":"if","locations":[{"start":{"line":31,"column":4},"end":{"line":31,"column":null}},{"start":{},"end":{}}],"line":31},"1":{"loc":{"start":{"line":59,"column":8},"end":{"line":65,"column":null}},"type":"cond-expr","locations":[{"start":{"line":60,"column":10},"end":{"line":62,"column":null}},{"start":{"line":62,"column":10},"end":{"line":65,"column":null}}],"line":59},"2":{"loc":{"start":{"line":69,"column":7},"end":{"line":120,"column":null}},"type":"cond-expr","locations":[{"start":{"line":70,"column":8},"end":{"line":78,"column":9}},{"start":{"line":78,"column":8},"end":{"line":120,"column":null}}],"line":69},"3":{"loc":{"start":{"line":88,"column":18},"end":{"line":90,"column":null}},"type":"cond-expr","locations":[{"start":{"line":89,"column":22},"end":{"line":89,"column":null}},{"start":{"line":90,"column":22},"end":{"line":90,"column":null}}],"line":88},"4":{"loc":{"start":{"line":101,"column":44},"end":{"line":101,"column":null}},"type":"cond-expr","locations":[{"start":{"line":101,"column":77},"end":{"line":101,"column":106}},{"start":{"line":101,"column":106},"end":{"line":101,"column":null}}],"line":101}},"s":{"0":1,"1":0,"2":0,"3":0,"4":0,"5":0,"6":0,"7":0,"8":0,"9":0,"10":0,"11":0,"12":0,"13":0,"14":0,"15":0,"16":0,"17":0},"f":{"0":0,"1":0,"2":0,"3":0,"4":0,"5":0},"b":{"0":[0,0],"1":[0,0],"2":[0,0],"3":[0,0],"4":[0,0]},"meta":{"lastBranch":5,"lastFunction":6,"lastStatement":18,"seen":{"s:16:32:23:Infinity":0,"f:25:16:25:28":0,"s:26:19:26:Infinity":1,"s:27:22:27:Infinity":2,"s:28:20:28:Infinity":3,"s:30:8:44:Infinity":4,"f:30:8:30:29":1,"b:31:4:31:Infinity:undefined:undefined:undefined:undefined":0,"s:31:4:31:Infinity":5,"s:31:19:31:Infinity":6,"s:34:4:41:Infinity":7,"s:43:4:43:Infinity":8,"s:46:8:51:Infinity":9,"f:46:8:46:28":2,"s:47:4:47:Infinity":10,"s:48:4:48:Infinity":11,"s:49:4:49:Infinity":12,"s:50:4:50:Infinity":13,"s:53:2:122:Infinity":14,"b:60:10:62:Infinity:62:10:65:Infinity":1,"b:70:8:78:9:78:8:120:Infinity":2,"f:84:21:84:26":3,"s:85:14:104:Infinity":15,"b:89:22:89:Infinity:90:22:90:Infinity":3,"f:98:18:98:34":4,"s:98:34:98:Infinity":16,"b:101:77:101:106:101:106:101:Infinity":4,"f:114:14:114:25":5,"s:114:31:114:Infinity":17},"fnNames":{}}}
,"C:\\Users\\HP\\OneDrive\\Desktop\\unfiltered campus project\\ventiora\\src\\components\\ui\\Avatar.tsx": {"path":"C:\\Users\\HP\\OneDrive\\Desktop\\unfiltered campus project\\ventiora\\src\\components\\ui\\Avatar.tsx","statementMap":{"0":{"start":{"line":14,"column":65},"end":{"line":19,"column":null}},"1":{"start":{"line":22,"column":18},"end":{"line":22,"column":null}},"2":{"start":{"line":23,"column":2},"end":{"line":47,"column":null}},"3":{"start":{"line":52,"column":18},"end":{"line":52,"column":null}},"4":{"start":{"line":54,"column":2},"end":{"line":56,"column":null}},"5":{"start":{"line":55,"column":4},"end":{"line":55,"column":null}},"6":{"start":{"line":58,"column":2},"end":{"line":63,"column":null}}},"fnMap":{"0":{"name":"AnonymousSilhouette","decl":{"start":{"line":21,"column":9},"end":{"line":21,"column":29}},"loc":{"start":{"line":21,"column":61},"end":{"line":49,"column":null}},"line":21},"1":{"name":"Avatar","decl":{"start":{"line":51,"column":16},"end":{"line":51,"column":23}},"loc":{"start":{"line":51,"column":98},"end":{"line":65,"column":null}},"line":51}},"branchMap":{"0":{"loc":{"start":{"line":51,"column":59},"end":{"line":51,"column":72}},"type":"default-arg","locations":[{"start":{"line":51,"column":66},"end":{"line":51,"column":72}}],"line":51},"1":{"loc":{"start":{"line":54,"column":2},"end":{"line":56,"column":null}},"type":"if","locations":[{"start":{"line":54,"column":2},"end":{"line":56,"column":null}},{"start":{},"end":{}}],"line":54},"2":{"loc":{"start":{"line":54,"column":6},"end":{"line":54,"column":33}},"type":"binary-expr","locations":[{"start":{"line":54,"column":6},"end":{"line":54,"column":21}},{"start":{"line":54,"column":21},"end":{"line":54,"column":33}}],"line":54},"3":{"loc":{"start":{"line":61,"column":11},"end":{"line":61,"column":null}},"type":"binary-expr","locations":[{"start":{"line":61,"column":11},"end":{"line":61,"column":23}},{"start":{"line":61,"column":23},"end":{"line":61,"column":null}}],"line":61}},"s":{"0":1,"1":6,"2":6,"3":6,"4":6,"5":6,"6":0},"f":{"0":6,"1":6},"b":{"0":[6],"1":[6,0],"2":[6,6],"3":[0,0]},"meta":{"lastBranch":4,"lastFunction":2,"lastStatement":7,"seen":{"s:14:65:19:Infinity":0,"f:21:9:21:29":0,"s:22:18:22:Infinity":1,"s:23:2:47:Infinity":2,"f:51:16:51:23":1,"b:51:66:51:72":0,"s:52:18:52:Infinity":3,"b:54:2:56:Infinity:undefined:undefined:undefined:undefined":1,"s:54:2:56:Infinity":4,"b:54:6:54:21:54:21:54:33":2,"s:55:4:55:Infinity":5,"s:58:2:63:Infinity":6,"b:61:11:61:23:61:23:61:Infinity":3},"fnNames":{}}}
,"C:\\Users\\HP\\OneDrive\\Desktop\\unfiltered campus project\\ventiora\\src\\components\\ui\\Button.tsx": {"path":"C:\\Users\\HP\\OneDrive\\Desktop\\unfiltered campus project\\ventiora\\src\\components\\ui\\Button.tsx","statementMap":{"0":{"start":{"line":15,"column":47},"end":{"line":24,"column":null}},"1":{"start":{"line":26,"column":41},"end":{"line":30,"column":null}},"2":{"start":{"line":43,"column":2},"end":{"line":63,"column":null}}},"fnMap":{"0":{"name":"Button","decl":{"start":{"line":32,"column":16},"end":{"line":32,"column":23}},"loc":{"start":{"line":42,"column":16},"end":{"line":65,"column":null}},"line":42}},"branchMap":{"0":{"loc":{"start":{"line":33,"column":2},"end":{"line":33,"column":null}},"type":"default-arg","locations":[{"start":{"line":33,"column":12},"end":{"line":33,"column":null}}],"line":33},"1":{"loc":{"start":{"line":34,"column":2},"end":{"line":34,"column":null}},"type":"default-arg","locations":[{"start":{"line":34,"column":9},"end":{"line":34,"column":null}}],"line":34},"2":{"loc":{"start":{"line":35,"column":2},"end":{"line":35,"column":null}},"type":"default-arg","locations":[{"start":{"line":35,"column":14},"end":{"line":35,"column":null}}],"line":35},"3":{"loc":{"start":{"line":53,"column":16},"end":{"line":53,"column":null}},"type":"binary-expr","locations":[{"start":{"line":53,"column":16},"end":{"line":53,"column":28}},{"start":{"line":53,"column":28},"end":{"line":53,"column":null}}],"line":53},"4":{"loc":{"start":{"line":56,"column":7},"end":{"line":60,"column":null}},"type":"cond-expr","locations":[{"start":{"line":57,"column":8},"end":{"line":58,"column":null}},{"start":{"line":58,"column":10},"end":{"line":60,"column":null}}],"line":56},"5":{"loc":{"start":{"line":58,"column":10},"end":{"line":60,"column":null}},"type":"cond-expr","locations":[{"start":{"line":59,"column":8},"end":{"line":60,"column":null}},{"start":{"line":60,"column":10},"end":{"line":60,"column":null}}],"line":58},"6":{"loc":{"start":{"line":62,"column":7},"end":{"line":62,"column":null}},"type":"binary-expr","locations":[{"start":{"line":62,"column":7},"end":{"line":62,"column":21}},{"start":{"line":62,"column":21},"end":{"line":62,"column":34}},{"start":{"line":62,"column":34},"end":{"line":62,"column":null}}],"line":62}},"s":{"0":1,"1":1,"2":0},"f":{"0":0},"b":{"0":[0],"1":[0],"2":[0],"3":[0,0],"4":[0,0],"5":[0,0],"6":[0,0,0]},"meta":{"lastBranch":7,"lastFunction":1,"lastStatement":3,"seen":{"s:15:47:24:Infinity":0,"s:26:41:30:Infinity":1,"f:32:16:32:23":0,"b:33:12:33:Infinity":0,"b:34:9:34:Infinity":1,"b:35:14:35:Infinity":2,"s:43:2:63:Infinity":2,"b:53:16:53:28:53:28:53:Infinity":3,"b:57:8:58:Infinity:58:10:60:Infinity":4,"b:59:8:60:Infinity:60:10:60:Infinity":5,"b:62:7:62:21:62:21:62:34:62:34:62:Infinity":6},"fnNames":{}}}
,"C:\\Users\\HP\\OneDrive\\Desktop\\unfiltered campus project\\ventiora\\src\\components\\ui\\FileUpload.tsx": {"path":"C:\\Users\\HP\\OneDrive\\Desktop\\unfiltered campus project\\ventiora\\src\\components\\ui\\FileUpload.tsx","statementMap":{"0":{"start":{"line":15,"column":21},"end":{"line":15,"column":null}},"1":{"start":{"line":16,"column":15},"end":{"line":16,"column":null}},"2":{"start":{"line":17,"column":21},"end":{"line":17,"column":null}},"3":{"start":{"line":18,"column":16},"end":{"line":18,"column":null}},"4":{"start":{"line":19,"column":22},"end":{"line":19,"column":null}},"5":{"start":{"line":20,"column":25},"end":{"line":20,"column":null}},"6":{"start":{"line":22,"column":8},"end":{"line":22,"column":null}},"7":{"start":{"line":24,"column":8},"end":{"line":32,"column":null}},"8":{"start":{"line":25,"column":4},"end":{"line":25,"column":null}},"9":{"start":{"line":26,"column":4},"end":{"line":26,"column":null}},"10":{"start":{"line":27,"column":4},"end":{"line":31,"column":null}},"11":{"start":{"line":28,"column":6},"end":{"line":28,"column":null}},"12":{"start":{"line":29,"column":11},"end":{"line":31,"column":null}},"13":{"start":{"line":30,"column":6},"end":{"line":30,"column":null}},"14":{"start":{"line":34,"column":8},"end":{"line":68,"column":null}},"15":{"start":{"line":35,"column":4},"end":{"line":35,"column":null}},"16":{"start":{"line":38,"column":4},"end":{"line":41,"column":null}},"17":{"start":{"line":39,"column":6},"end":{"line":39,"column":null}},"18":{"start":{"line":40,"column":6},"end":{"line":40,"column":null}},"19":{"start":{"line":43,"column":4},"end":{"line":43,"column":null}},"20":{"start":{"line":46,"column":4},"end":{"line":51,"column":null}},"21":{"start":{"line":47,"column":18},"end":{"line":47,"column":null}},"22":{"start":{"line":48,"column":6},"end":{"line":48,"column":null}},"23":{"start":{"line":50,"column":6},"end":{"line":50,"column":null}},"24":{"start":{"line":54,"column":4},"end":{"line":54,"column":null}},"25":{"start":{"line":55,"column":4},"end":{"line":55,"column":null}},"26":{"start":{"line":57,"column":21},"end":{"line":67,"column":null}},"27":{"start":{"line":58,"column":6},"end":{"line":66,"column":null}},"28":{"start":{"line":59,"column":8},"end":{"line":64,"column":null}},"29":{"start":{"line":60,"column":10},"end":{"line":60,"column":null}},"30":{"start":{"line":61,"column":10},"end":{"line":61,"column":null}},"31":{"start":{"line":62,"column":10},"end":{"line":62,"column":null}},"32":{"start":{"line":62,"column":28},"end":{"line":62,"column":null}},"33":{"start":{"line":63,"column":10},"end":{"line":63,"column":null}},"34":{"start":{"line":65,"column":8},"end":{"line":65,"column":null}},"35":{"start":{"line":70,"column":8},"end":{"line":78,"column":null}},"36":{"start":{"line":71,"column":4},"end":{"line":71,"column":null}},"37":{"start":{"line":72,"column":4},"end":{"line":72,"column":null}},"38":{"start":{"line":73,"column":4},"end":{"line":73,"column":null}},"39":{"start":{"line":75,"column":4},"end":{"line":77,"column":null}},"40":{"start":{"line":76,"column":6},"end":{"line":76,"column":null}},"41":{"start":{"line":80,"column":8},"end":{"line":85,"column":null}},"42":{"start":{"line":81,"column":4},"end":{"line":81,"column":null}},"43":{"start":{"line":82,"column":4},"end":{"line":84,"column":null}},"44":{"start":{"line":83,"column":6},"end":{"line":83,"column":null}},"45":{"start":{"line":87,"column":8},"end":{"line":94,"column":null}},"46":{"start":{"line":88,"column":4},"end":{"line":88,"column":null}},"47":{"start":{"line":89,"column":4},"end":{"line":89,"column":null}},"48":{"start":{"line":90,"column":4},"end":{"line":90,"column":null}},"49":{"start":{"line":91,"column":4},"end":{"line":91,"column":null}},"50":{"start":{"line":92,"column":4},"end":{"line":92,"column":null}},"51":{"start":{"line":93,"column":4},"end":{"line":93,"column":null}},"52":{"start":{"line":93,"column":26},"end":{"line":93,"column":null}},"53":{"start":{"line":96,"column":2},"end":{"line":190,"column":null}},"54":{"start":{"line":112,"column":25},"end":{"line":112,"column":null}},"55":{"start":{"line":176,"column":32},"end":{"line":176,"column":53}},"56":{"start":{"line":176,"column":53},"end":{"line":176,"column":66}}},"fnMap":{"0":{"name":"FileUpload","decl":{"start":{"line":10,"column":16},"end":{"line":10,"column":27}},"loc":{"start":{"line":14,"column":20},"end":{"line":192,"column":null}},"line":14},"1":{"name":"(anonymous_1)","decl":{"start":{"line":24,"column":8},"end":{"line":24,"column":22}},"loc":{"start":{"line":24,"column":45},"end":{"line":32,"column":null}},"line":24},"2":{"name":"(anonymous_2)","decl":{"start":{"line":34,"column":8},"end":{"line":34,"column":23}},"loc":{"start":{"line":34,"column":46},"end":{"line":68,"column":null}},"line":34},"3":{"name":"(anonymous_3)","decl":{"start":{"line":57,"column":21},"end":{"line":57,"column":39}},"loc":{"start":{"line":57,"column":39},"end":{"line":67,"column":7}},"line":57},"4":{"name":"(anonymous_4)","decl":{"start":{"line":58,"column":6},"end":{"line":58,"column":24}},"loc":{"start":{"line":58,"column":32},"end":{"line":66,"column":7}},"line":58},"5":{"name":"(anonymous_5)","decl":{"start":{"line":70,"column":8},"end":{"line":70,"column":22}},"loc":{"start":{"line":70,"column":45},"end":{"line":78,"column":null}},"line":70},"6":{"name":"(anonymous_6)","decl":{"start":{"line":80,"column":8},"end":{"line":80,"column":24}},"loc":{"start":{"line":80,"column":67},"end":{"line":85,"column":null}},"line":80},"7":{"name":"(anonymous_7)","decl":{"start":{"line":87,"column":8},"end":{"line":87,"column":26}},"loc":{"start":{"line":87,"column":26},"end":{"line":94,"column":null}},"line":87},"8":{"name":"(anonymous_8)","decl":{"start":{"line":112,"column":10},"end":{"line":112,"column":25}},"loc":{"start":{"line":112,"column":25},"end":{"line":112,"column":null}},"line":112},"9":{"name":"(anonymous_9)","decl":{"start":{"line":176,"column":14},"end":{"line":176,"column":24}},"loc":{"start":{"line":176,"column":30},"end":{"line":176,"column":null}},"line":176}},"branchMap":{"0":{"loc":{"start":{"line":12,"column":2},"end":{"line":12,"column":null}},"type":"default-arg","locations":[{"start":{"line":12,"column":11},"end":{"line":12,"column":null}}],"line":12},"1":{"loc":{"start":{"line":13,"column":2},"end":{"line":13,"column":null}},"type":"default-arg","locations":[{"start":{"line":13,"column":14},"end":{"line":13,"column":null}}],"line":13},"2":{"loc":{"start":{"line":27,"column":4},"end":{"line":31,"column":null}},"type":"if","locations":[{"start":{"line":27,"column":4},"end":{"line":31,"column":null}},{"start":{"line":29,"column":11},"end":{"line":31,"column":null}}],"line":27},"3":{"loc":{"start":{"line":27,"column":8},"end":{"line":27,"column":57}},"type":"binary-expr","locations":[{"start":{"line":27,"column":8},"end":{"line":27,"column":34}},{"start":{"line":27,"column":34},"end":{"line":27,"column":57}}],"line":27},"4":{"loc":{"start":{"line":29,"column":11},"end":{"line":31,"column":null}},"type":"if","locations":[{"start":{"line":29,"column":11},"end":{"line":31,"column":null}},{"start":{},"end":{}}],"line":29},"5":{"loc":{"start":{"line":38,"column":4},"end":{"line":41,"column":null}},"type":"if","locations":[{"start":{"line":38,"column":4},"end":{"line":41,"column":null}},{"start":{},"end":{}}],"line":38},"6":{"loc":{"start":{"line":46,"column":4},"end":{"line":51,"column":null}},"type":"if","locations":[{"start":{"line":46,"column":4},"end":{"line":51,"column":null}},{"start":{"line":49,"column":11},"end":{"line":51,"column":null}}],"line":46},"7":{"loc":{"start":{"line":59,"column":8},"end":{"line":64,"column":null}},"type":"if","locations":[{"start":{"line":59,"column":8},"end":{"line":64,"column":null}},{"start":{},"end":{}}],"line":59},"8":{"loc":{"start":{"line":62,"column":10},"end":{"line":62,"column":null}},"type":"if","locations":[{"start":{"line":62,"column":10},"end":{"line":62,"column":null}},{"start":{},"end":{}}],"line":62},"9":{"loc":{"start":{"line":75,"column":4},"end":{"line":77,"column":null}},"type":"if","locations":[{"start":{"line":75,"column":4},"end":{"line":77,"column":null}},{"start":{},"end":{}}],"line":75},"10":{"loc":{"start":{"line":75,"column":8},"end":{"line":75,"column":57}},"type":"binary-expr","locations":[{"start":{"line":75,"column":8},"end":{"line":75,"column":32}},{"start":{"line":75,"column":32},"end":{"line":75,"column":57}}],"line":75},"11":{"loc":{"start":{"line":82,"column":4},"end":{"line":84,"column":null}},"type":"if","locations":[{"start":{"line":82,"column":4},"end":{"line":84,"column":null}},{"start":{},"end":{}}],"line":82},"12":{"loc":{"start":{"line":82,"column":8},"end":{"line":82,"column":45}},"type":"binary-expr","locations":[{"start":{"line":82,"column":8},"end":{"line":82,"column":26}},{"start":{"line":82,"column":26},"end":{"line":82,"column":45}}],"line":82},"13":{"loc":{"start":{"line":93,"column":4},"end":{"line":93,"column":null}},"type":"if","locations":[{"start":{"line":93,"column":4},"end":{"line":93,"column":null}},{"start":{},"end":{}}],"line":93},"14":{"loc":{"start":{"line":106,"column":7},"end":{"line":182,"column":null}},"type":"cond-expr","locations":[{"start":{"line":107,"column":8},"end":{"line":132,"column":9}},{"start":{"line":132,"column":8},"end":{"line":182,"column":null}}],"line":106},"15":{"loc":{"start":{"line":114,"column":12},"end":{"line":116,"column":null}},"type":"cond-expr","locations":[{"start":{"line":115,"column":16},"end":{"line":115,"column":null}},{"start":{"line":116,"column":16},"end":{"line":116,"column":null}}],"line":114},"16":{"loc":{"start":{"line":120,"column":12},"end":{"line":120,"column":null}},"type":"cond-expr","locations":[{"start":{"line":120,"column":25},"end":{"line":120,"column":56}},{"start":{"line":120,"column":56},"end":{"line":120,"column":null}}],"line":120},"17":{"loc":{"start":{"line":125,"column":13},"end":{"line":125,"column":null}},"type":"cond-expr","locations":[{"start":{"line":125,"column":26},"end":{"line":125,"column":45}},{"start":{"line":125,"column":45},"end":{"line":125,"column":null}}],"line":125},"18":{"loc":{"start":{"line":135,"column":15},"end":{"line":145,"column":15}},"type":"cond-expr","locations":[{"start":{"line":136,"column":16},"end":{"line":140,"column":17}},{"start":{"line":140,"column":16},"end":{"line":145,"column":15}}],"line":135},"19":{"loc":{"start":{"line":153,"column":17},"end":{"line":159,"column":null}},"type":"binary-expr","locations":[{"start":{"line":153,"column":17},"end":{"line":153,"column":null}},{"start":{"line":154,"column":18},"end":{"line":159,"column":null}}],"line":153},"20":{"loc":{"start":{"line":161,"column":17},"end":{"line":164,"column":null}},"type":"binary-expr","locations":[{"start":{"line":161,"column":17},"end":{"line":161,"column":null}},{"start":{"line":162,"column":18},"end":{"line":164,"column":null}}],"line":161},"21":{"loc":{"start":{"line":166,"column":17},"end":{"line":169,"column":null}},"type":"binary-expr","locations":[{"start":{"line":166,"column":17},"end":{"line":166,"column":33}},{"start":{"line":166,"column":33},"end":{"line":166,"column":null}},{"start":{"line":167,"column":18},"end":{"line":169,"column":null}}],"line":166},"22":{"loc":{"start":{"line":185,"column":7},"end":{"line":188,"column":null}},"type":"binary-expr","locations":[{"start":{"line":185,"column":7},"end":{"line":185,"column":null}},{"start":{"line":186,"column":8},"end":{"line":188,"column":null}}],"line":185}},"s":{"0":0,"1":0,"2":0,"3":0,"4":0,"5":0,"6":0,"7":0,"8":0,"9":0,"10":0,"11":0,"12":0,"13":0,"14":0,"15":0,"16":0,"17":0,"18":0,"19":0,"20":0,"21":0,"22":0,"23":0,"24":0,"25":0,"26":0,"27":0,"28":0,"29":0,"30":0,"31":0,"32":0,"33":0,"34":0,"35":0,"36":0,"37":0,"38":0,"39":0,"40":0,"41":0,"42":0,"43":0,"44":0,"45":0,"46":0,"47":0,"48":0,"49":0,"50":0,"51":0,"52":0,"53":0,"54":0,"55":0,"56":0},"f":{"0":0,"1":0,"2":0,"3":0,"4":0,"5":0,"6":0,"7":0,"8":0,"9":0},"b":{"0":[0],"1":[0],"2":[0,0],"3":[0,0],"4":[0,0],"5":[0,0],"6":[0,0],"7":[0,0],"8":[0,0],"9":[0,0],"10":[0,0],"11":[0,0],"12":[0,0],"13":[0,0],"14":[0,0],"15":[0,0],"16":[0,0],"17":[0,0],"18":[0,0],"19":[0,0],"20":[0,0],"21":[0,0,0],"22":[0,0]},"meta":{"lastBranch":23,"lastFunction":10,"lastStatement":57,"seen":{"f:10:16:10:27":0,"b:12:11:12:Infinity":0,"b:13:14:13:Infinity":1,"s:15:21:15:Infinity":0,"s:16:15:16:Infinity":1,"s:17:21:17:Infinity":2,"s:18:16:18:Infinity":3,"s:19:22:19:Infinity":4,"s:20:25:20:Infinity":5,"s:22:8:22:Infinity":6,"s:24:8:32:Infinity":7,"f:24:8:24:22":1,"s:25:4:25:Infinity":8,"s:26:4:26:Infinity":9,"b:27:4:31:Infinity:29:11:31:Infinity":2,"s:27:4:31:Infinity":10,"b:27:8:27:34:27:34:27:57":3,"s:28:6:28:Infinity":11,"b:29:11:31:Infinity:undefined:undefined:undefined:undefined":4,"s:29:11:31:Infinity":12,"s:30:6:30:Infinity":13,"s:34:8:68:Infinity":14,"f:34:8:34:23":2,"s:35:4:35:Infinity":15,"b:38:4:41:Infinity:undefined:undefined:undefined:undefined":5,"s:38:4:41:Infinity":16,"s:39:6:39:Infinity":17,"s:40:6:40:Infinity":18,"s:43:4:43:Infinity":19,"b:46:4:51:Infinity:49:11:51:Infinity":6,"s:46:4:51:Infinity":20,"s:47:18:47:Infinity":21,"s:48:6:48:Infinity":22,"s:50:6:50:Infinity":23,"s:54:4:54:Infinity":24,"s:55:4:55:Infinity":25,"s:57:21:67:Infinity":26,"f:57:21:57:39":3,"s:58:6:66:Infinity":27,"f:58:6:58:24":4,"b:59:8:64:Infinity:undefined:undefined:undefined:undefined":7,"s:59:8:64:Infinity":28,"s:60:10:60:Infinity":29,"s:61:10:61:Infinity":30,"b:62:10:62:Infinity:undefined:undefined:undefined:undefined":8,"s:62:10:62:Infinity":31,"s:62:28:62:Infinity":32,"s:63:10:63:Infinity":33,"s:65:8:65:Infinity":34,"s:70:8:78:Infinity":35,"f:70:8:70:22":5,"s:71:4:71:Infinity":36,"s:72:4:72:Infinity":37,"s:73:4:73:Infinity":38,"b:75:4:77:Infinity:undefined:undefined:undefined:undefined":9,"s:75:4:77:Infinity":39,"b:75:8:75:32:75:32:75:57":10,"s:76:6:76:Infinity":40,"s:80:8:85:Infinity":41,"f:80:8:80:24":6,"s:81:4:81:Infinity":42,"b:82:4:84:Infinity:undefined:undefined:undefined:undefined":11,"s:82:4:84:Infinity":43,"b:82:8:82:26:82:26:82:45":12,"s:83:6:83:Infinity":44,"s:87:8:94:Infinity":45,"f:87:8:87:26":7,"s:88:4:88:Infinity":46,"s:89:4:89:Infinity":47,"s:90:4:90:Infinity":48,"s:91:4:91:Infinity":49,"s:92:4:92:Infinity":50,"b:93:4:93:Infinity:undefined:undefined:undefined:undefined":13,"s:93:4:93:Infinity":51,"s:93:26:93:Infinity":52,"s:96:2:190:Infinity":53,"b:107:8:132:9:132:8:182:Infinity":14,"f:112:10:112:25":8,"s:112:25:112:Infinity":54,"b:115:16:115:Infinity:116:16:116:Infinity":15,"b:120:25:120:56:120:56:120:Infinity":16,"b:125:26:125:45:125:45:125:Infinity":17,"b:136:16:140:17:140:16:145:15":18,"b:153:17:153:Infinity:154:18:159:Infinity":19,"b:161:17:161:Infinity:162:18:164:Infinity":20,"b:166:17:166:33:166:33:166:Infinity:167:18:169:Infinity":21,"f:176:14:176:24":9,"s:176:32:176:53":55,"s:176:53:176:66":56,"b:185:7:185:Infinity:186:8:188:Infinity":22},"fnNames":{}}}
,"C:\\Users\\HP\\OneDrive\\Desktop\\unfiltered campus project\\ventiora\\src\\components\\ui\\Input.tsx": {"path":"C:\\Users\\HP\\OneDrive\\Desktop\\unfiltered campus project\\ventiora\\src\\components\\ui\\Input.tsx","statementMap":{"0":{"start":{"line":12,"column":13},"end":{"line":58,"column":null}},"1":{"start":{"line":14,"column":20},"end":{"line":14,"column":null}},"2":{"start":{"line":16,"column":4},"end":{"line":55,"column":null}},"3":{"start":{"line":60,"column":0},"end":{"line":60,"column":null}}},"fnMap":{"0":{"name":"(anonymous_0)","decl":{"start":{"line":12,"column":21},"end":{"line":12,"column":null}},"loc":{"start":{"line":13,"column":83},"end":{"line":57,"column":null}},"line":13}},"branchMap":{"0":{"loc":{"start":{"line":14,"column":20},"end":{"line":14,"column":null}},"type":"binary-expr","locations":[{"start":{"line":14,"column":20},"end":{"line":14,"column":26}},{"start":{"line":14,"column":26},"end":{"line":14,"column":null}}],"line":14},"1":{"loc":{"start":{"line":18,"column":9},"end":{"line":25,"column":null}},"type":"binary-expr","locations":[{"start":{"line":18,"column":9},"end":{"line":18,"column":null}},{"start":{"line":19,"column":10},"end":{"line":25,"column":null}}],"line":18},"2":{"loc":{"start":{"line":24,"column":13},"end":{"line":25,"column":null}},"type":"binary-expr","locations":[{"start":{"line":24,"column":13},"end":{"line":24,"column":31}},{"start":{"line":24,"column":31},"end":{"line":25,"column":null}}],"line":24},"3":{"loc":{"start":{"line":28,"column":11},"end":{"line":29,"column":null}},"type":"binary-expr","locations":[{"start":{"line":28,"column":11},"end":{"line":28,"column":null}},{"start":{"line":29,"column":12},"end":{"line":29,"column":null}}],"line":28},"4":{"loc":{"start":{"line":39,"column":14},"end":{"line":41,"column":null}},"type":"cond-expr","locations":[{"start":{"line":40,"column":18},"end":{"line":40,"column":null}},{"start":{"line":41,"column":18},"end":{"line":41,"column":null}}],"line":39},"5":{"loc":{"start":{"line":42,"column":14},"end":{"line":42,"column":null}},"type":"binary-expr","locations":[{"start":{"line":42,"column":14},"end":{"line":42,"column":27}},{"start":{"line":42,"column":27},"end":{"line":42,"column":null}}],"line":42},"6":{"loc":{"start":{"line":43,"column":14},"end":{"line":43,"column":null}},"type":"binary-expr","locations":[{"start":{"line":43,"column":14},"end":{"line":43,"column":28}},{"start":{"line":43,"column":28},"end":{"line":43,"column":null}}],"line":43},"7":{"loc":{"start":{"line":49,"column":11},"end":{"line":50,"column":null}},"type":"binary-expr","locations":[{"start":{"line":49,"column":11},"end":{"line":49,"column":null}},{"start":{"line":50,"column":12},"end":{"line":50,"column":null}}],"line":49},"8":{"loc":{"start":{"line":53,"column":9},"end":{"line":53,"column":null}},"type":"binary-expr","locations":[{"start":{"line":53,"column":9},"end":{"line":53,"column":18}},{"start":{"line":53,"column":18},"end":{"line":53,"column":null}}],"line":53},"9":{"loc":{"start":{"line":54,"column":9},"end":{"line":54,"column":null}},"type":"binary-expr","locations":[{"start":{"line":54,"column":9},"end":{"line":54,"column":17}},{"start":{"line":54,"column":17},"end":{"line":54,"column":27}},{"start":{"line":54,"column":27},"end":{"line":54,"column":null}}],"line":54}},"s":{"0":1,"1":0,"2":0,"3":1},"f":{"0":0},"b":{"0":[0,0],"1":[0,0],"2":[0,0],"3":[0,0],"4":[0,0],"5":[0,0],"6":[0,0],"7":[0,0],"8":[0,0],"9":[0,0,0]},"meta":{"lastBranch":10,"lastFunction":1,"lastStatement":4,"seen":{"s:12:13:58:Infinity":0,"f:12:21:12:Infinity":0,"s:14:20:14:Infinity":1,"b:14:20:14:26:14:26:14:Infinity":0,"s:16:4:55:Infinity":2,"b:18:9:18:Infinity:19:10:25:Infinity":1,"b:24:13:24:31:24:31:25:Infinity":2,"b:28:11:28:Infinity:29:12:29:Infinity":3,"b:40:18:40:Infinity:41:18:41:Infinity":4,"b:42:14:42:27:42:27:42:Infinity":5,"b:43:14:43:28:43:28:43:Infinity":6,"b:49:11:49:Infinity:50:12:50:Infinity":7,"b:53:9:53:18:53:18:53:Infinity":8,"b:54:9:54:17:54:17:54:27:54:27:54:Infinity":9,"s:60:0:60:Infinity":3},"fnNames":{}}}
,"C:\\Users\\HP\\OneDrive\\Desktop\\unfiltered campus project\\ventiora\\src\\components\\ui\\Modal.tsx": {"path":"C:\\Users\\HP\\OneDrive\\Desktop\\unfiltered campus project\\ventiora\\src\\components\\ui\\Modal.tsx","statementMap":{"0":{"start":{"line":15,"column":20},"end":{"line":20,"column":null}},"1":{"start":{"line":23,"column":8},"end":{"line":23,"column":null}},"2":{"start":{"line":25,"column":2},"end":{"line":34,"column":null}},"3":{"start":{"line":26,"column":4},"end":{"line":30,"column":null}},"4":{"start":{"line":27,"column":6},"end":{"line":27,"column":null}},"5":{"start":{"line":29,"column":6},"end":{"line":29,"column":null}},"6":{"start":{"line":31,"column":4},"end":{"line":33,"column":null}},"7":{"start":{"line":32,"column":6},"end":{"line":32,"column":null}},"8":{"start":{"line":36,"column":2},"end":{"line":42,"column":null}},"9":{"start":{"line":37,"column":10},"end":{"line":39,"column":null}},"10":{"start":{"line":38,"column":6},"end":{"line":38,"column":null}},"11":{"start":{"line":38,"column":30},"end":{"line":38,"column":null}},"12":{"start":{"line":40,"column":4},"end":{"line":40,"column":null}},"13":{"start":{"line":40,"column":16},"end":{"line":40,"column":null}},"14":{"start":{"line":41,"column":4},"end":{"line":41,"column":null}},"15":{"start":{"line":41,"column":17},"end":{"line":41,"column":null}},"16":{"start":{"line":44,"column":2},"end":{"line":44,"column":null}},"17":{"start":{"line":44,"column":15},"end":{"line":44,"column":null}},"18":{"start":{"line":46,"column":2},"end":{"line":103,"column":null}},"19":{"start":{"line":51,"column":8},"end":{"line":51,"column":null}},"20":{"start":{"line":51,"column":46},"end":{"line":51,"column":null}}},"fnMap":{"0":{"name":"Modal","decl":{"start":{"line":22,"column":16},"end":{"line":22,"column":22}},"loc":{"start":{"line":22,"column":97},"end":{"line":104,"column":null}},"line":22},"1":{"name":"(anonymous_1)","decl":{"start":{"line":25,"column":2},"end":{"line":25,"column":18}},"loc":{"start":{"line":25,"column":18},"end":{"line":34,"column":5}},"line":25},"2":{"name":"(anonymous_2)","decl":{"start":{"line":31,"column":4},"end":{"line":31,"column":17}},"loc":{"start":{"line":31,"column":17},"end":{"line":33,"column":null}},"line":31},"3":{"name":"(anonymous_3)","decl":{"start":{"line":36,"column":2},"end":{"line":36,"column":18}},"loc":{"start":{"line":36,"column":18},"end":{"line":42,"column":5}},"line":36},"4":{"name":"(anonymous_4)","decl":{"start":{"line":37,"column":10},"end":{"line":37,"column":19}},"loc":{"start":{"line":37,"column":40},"end":{"line":39,"column":null}},"line":37},"5":{"name":"(anonymous_5)","decl":{"start":{"line":41,"column":4},"end":{"line":41,"column":17}},"loc":{"start":{"line":41,"column":17},"end":{"line":41,"column":null}},"line":41},"6":{"name":"(anonymous_6)","decl":{"start":{"line":50,"column":6},"end":{"line":50,"column":16}},"loc":{"start":{"line":50,"column":22},"end":{"line":52,"column":null}},"line":50}},"branchMap":{"0":{"loc":{"start":{"line":22,"column":66},"end":{"line":22,"column":97}},"type":"default-arg","locations":[{"start":{"line":22,"column":77},"end":{"line":22,"column":97}}],"line":22},"1":{"loc":{"start":{"line":26,"column":4},"end":{"line":30,"column":null}},"type":"if","locations":[{"start":{"line":26,"column":4},"end":{"line":30,"column":null}},{"start":{"line":28,"column":11},"end":{"line":30,"column":null}}],"line":26},"2":{"loc":{"start":{"line":38,"column":6},"end":{"line":38,"column":null}},"type":"if","locations":[{"start":{"line":38,"column":6},"end":{"line":38,"column":null}},{"start":{},"end":{}}],"line":38},"3":{"loc":{"start":{"line":40,"column":4},"end":{"line":40,"column":null}},"type":"if","locations":[{"start":{"line":40,"column":4},"end":{"line":40,"column":null}},{"start":{},"end":{}}],"line":40},"4":{"loc":{"start":{"line":44,"column":2},"end":{"line":44,"column":null}},"type":"if","locations":[{"start":{"line":44,"column":2},"end":{"line":44,"column":null}},{"start":{},"end":{}}],"line":44},"5":{"loc":{"start":{"line":51,"column":8},"end":{"line":51,"column":null}},"type":"if","locations":[{"start":{"line":51,"column":8},"end":{"line":51,"column":null}},{"start":{},"end":{}}],"line":51},"6":{"loc":{"start":{"line":61,"column":25},"end":{"line":61,"column":null}},"type":"cond-expr","locations":[{"start":{"line":61,"column":33},"end":{"line":61,"column":49}},{"start":{"line":61,"column":49},"end":{"line":61,"column":null}}],"line":61},"7":{"loc":{"start":{"line":65,"column":11},"end":{"line":70,"column":11}},"type":"binary-expr","locations":[{"start":{"line":65,"column":11},"end":{"line":65,"column":null}},{"start":{"line":66,"column":12},"end":{"line":70,"column":11}}],"line":65},"8":{"loc":{"start":{"line":95,"column":9},"end":{"line":98,"column":null}},"type":"binary-expr","locations":[{"start":{"line":95,"column":9},"end":{"line":95,"column":null}},{"start":{"line":96,"column":10},"end":{"line":98,"column":null}}],"line":95}},"s":{"0":1,"1":0,"2":0,"3":0,"4":0,"5":0,"6":0,"7":0,"8":0,"9":0,"10":0,"11":0,"12":0,"13":0,"14":0,"15":0,"16":0,"17":0,"18":0,"19":0,"20":0},"f":{"0":0,"1":0,"2":0,"3":0,"4":0,"5":0,"6":0},"b":{"0":[0],"1":[0,0],"2":[0,0],"3":[0,0],"4":[0,0],"5":[0,0],"6":[0,0],"7":[0,0],"8":[0,0]},"meta":{"lastBranch":9,"lastFunction":7,"lastStatement":21,"seen":{"s:15:20:20:Infinity":0,"f:22:16:22:22":0,"b:22:77:22:97":0,"s:23:8:23:Infinity":1,"s:25:2:34:Infinity":2,"f:25:2:25:18":1,"b:26:4:30:Infinity:28:11:30:Infinity":1,"s:26:4:30:Infinity":3,"s:27:6:27:Infinity":4,"s:29:6:29:Infinity":5,"s:31:4:33:Infinity":6,"f:31:4:31:17":2,"s:32:6:32:Infinity":7,"s:36:2:42:Infinity":8,"f:36:2:36:18":3,"s:37:10:39:Infinity":9,"f:37:10:37:19":4,"b:38:6:38:Infinity:undefined:undefined:undefined:undefined":2,"s:38:6:38:Infinity":10,"s:38:30:38:Infinity":11,"b:40:4:40:Infinity:undefined:undefined:undefined:undefined":3,"s:40:4:40:Infinity":12,"s:40:16:40:Infinity":13,"s:41:4:41:Infinity":14,"f:41:4:41:17":5,"s:41:17:41:Infinity":15,"b:44:2:44:Infinity:undefined:undefined:undefined:undefined":4,"s:44:2:44:Infinity":16,"s:44:15:44:Infinity":17,"s:46:2:103:Infinity":18,"f:50:6:50:16":6,"b:51:8:51:Infinity:undefined:undefined:undefined:undefined":5,"s:51:8:51:Infinity":19,"s:51:46:51:Infinity":20,"b:61:33:61:49:61:49:61:Infinity":6,"b:65:11:65:Infinity:66:12:70:11":7,"b:95:9:95:Infinity:96:10:98:Infinity":8},"fnNames":{}}}
,"C:\\Users\\HP\\OneDrive\\Desktop\\unfiltered campus project\\ventiora\\src\\components\\ui\\Switch.tsx": {"path":"C:\\Users\\HP\\OneDrive\\Desktop\\unfiltered campus project\\ventiora\\src\\components\\ui\\Switch.tsx","statementMap":{"0":{"start":{"line":14,"column":19},"end":{"line":14,"column":null}},"1":{"start":{"line":16,"column":2},"end":{"line":54,"column":null}},"2":{"start":{"line":30,"column":27},"end":{"line":30,"column":null}}},"fnMap":{"0":{"name":"Switch","decl":{"start":{"line":13,"column":16},"end":{"line":13,"column":23}},"loc":{"start":{"line":13,"column":93},"end":{"line":56,"column":null}},"line":13},"1":{"name":"(anonymous_1)","decl":{"start":{"line":30,"column":10},"end":{"line":30,"column":21}},"loc":{"start":{"line":30,"column":27},"end":{"line":30,"column":null}},"line":30}},"branchMap":{"0":{"loc":{"start":{"line":14,"column":19},"end":{"line":14,"column":null}},"type":"binary-expr","locations":[{"start":{"line":14,"column":19},"end":{"line":14,"column":25}},{"start":{"line":14,"column":25},"end":{"line":14,"column":null}}],"line":14},"1":{"loc":{"start":{"line":21,"column":8},"end":{"line":21,"column":null}},"type":"binary-expr","locations":[{"start":{"line":21,"column":8},"end":{"line":21,"column":20}},{"start":{"line":21,"column":20},"end":{"line":21,"column":null}}],"line":21},"2":{"loc":{"start":{"line":30,"column":27},"end":{"line":30,"column":null}},"type":"binary-expr","locations":[{"start":{"line":30,"column":27},"end":{"line":30,"column":40}},{"start":{"line":30,"column":40},"end":{"line":30,"column":null}}],"line":30},"3":{"loc":{"start":{"line":36,"column":12},"end":{"line":36,"column":null}},"type":"cond-expr","locations":[{"start":{"line":36,"column":22},"end":{"line":36,"column":37}},{"start":{"line":36,"column":37},"end":{"line":36,"column":null}}],"line":36},"4":{"loc":{"start":{"line":42,"column":12},"end":{"line":42,"column":null}},"type":"cond-expr","locations":[{"start":{"line":42,"column":22},"end":{"line":42,"column":40}},{"start":{"line":42,"column":40},"end":{"line":42,"column":null}}],"line":42},"5":{"loc":{"start":{"line":46,"column":8},"end":{"line":54,"column":null}},"type":"binary-expr","locations":[{"start":{"line":46,"column":8},"end":{"line":46,"column":17}},{"start":{"line":46,"column":17},"end":{"line":46,"column":null}},{"start":{"line":47,"column":8},"end":{"line":54,"column":null}}],"line":46},"6":{"loc":{"start":{"line":48,"column":11},"end":{"line":49,"column":null}},"type":"binary-expr","locations":[{"start":{"line":48,"column":11},"end":{"line":48,"column":20}},{"start":{"line":48,"column":20},"end":{"line":49,"column":null}}],"line":48},"7":{"loc":{"start":{"line":49,"column":11},"end":{"line":52,"column":null}},"type":"binary-expr","locations":[{"start":{"line":49,"column":11},"end":{"line":49,"column":null}},{"start":{"line":50,"column":12},"end":{"line":52,"column":null}}],"line":49}},"s":{"0":0,"1":0,"2":0},"f":{"0":0,"1":0},"b":{"0":[0,0],"1":[0,0],"2":[0,0],"3":[0,0],"4":[0,0],"5":[0,0,0],"6":[0,0],"7":[0,0]},"meta":{"lastBranch":8,"lastFunction":2,"lastStatement":3,"seen":{"f:13:16:13:23":0,"s:14:19:14:Infinity":0,"b:14:19:14:25:14:25:14:Infinity":0,"s:16:2:54:Infinity":1,"b:21:8:21:20:21:20:21:Infinity":1,"f:30:10:30:21":1,"s:30:27:30:Infinity":2,"b:30:27:30:40:30:40:30:Infinity":2,"b:36:22:36:37:36:37:36:Infinity":3,"b:42:22:42:40:42:40:42:Infinity":4,"b:46:8:46:17:46:17:46:Infinity:47:8:54:Infinity":5,"b:48:11:48:20:48:20:49:Infinity":6,"b:49:11:49:Infinity:50:12:52:Infinity":7},"fnNames":{}}}
[...]
"C:\\Users\\HP\\OneDrive\\Desktop\\unfiltered campus project\\ventiora\\src\\pages\\admin\\AdminDashboardPage.tsx","statementMap":{"0":{"start":{"line":7,"column":16},"end":{"line":14,"column":null}},"1":{"start":{"line":16,"column":2},"end":{"line":103,"column":null}},"2":{"start":{"line":26,"column":25},"end":{"line":26,"column":null}},"3":{"start":{"line":27,"column":12},"end":{"line":39,"column":null}},"4":{"start":{"line":61,"column":18},"end":{"line":69,"column":null}},"5":{"start":{"line":86,"column":29},"end":{"line":86,"column":null}},"6":{"start":{"line":87,"column":16},"end":{"line":96,"column":null}}},"fnMap":{"0":{"name":"AdminDashboardPage","decl":{"start":{"line":6,"column":16},"end":{"line":6,"column":37}},"loc":{"start":{"line":6,"column":37},"end":{"line":105,"column":null}},"line":6},"1":{"name":"(anonymous_1)","decl":{"start":{"line":25,"column":17},"end":{"line":25,"column":22}},"loc":{"start":{"line":25,"column":34},"end":{"line":41,"column":11}},"line":25},"2":{"name":"(anonymous_2)","decl":{"start":{"line":60,"column":18},"end":{"line":60,"column":23}},"loc":{"start":{"line":61,"column":18},"end":{"line":69,"column":null}},"line":61},"3":{"name":"(anonymous_3)","decl":{"start":{"line":85,"column":16},"end":{"line":85,"column":21}},"loc":{"start":{"line":85,"column":37},"end":{"line":98,"column":15}},"line":85}},"branchMap":{"0":{"loc":{"start":{"line":32,"column":82},"end":{"line":32,"column":null}},"type":"cond-expr","locations":[{"start":{"line":32,"column":100},"end":{"line":32,"column":119}},{"start":{"line":32,"column":119},"end":{"line":32,"column":null}}],"line":32},"1":{"loc":{"start":{"line":32,"column":119},"end":{"line":32,"column":null}},"type":"cond-expr","locations":[{"start":{"line":32,"column":134},"end":{"line":32,"column":149}},{"start":{"line":32,"column":149},"end":{"line":32,"column":null}}],"line":32},"2":{"loc":{"start":{"line":36,"column":52},"end":{"line":36,"column":null}},"type":"cond-expr","locations":[{"start":{"line":36,"column":67},"end":{"line":36,"column":94}},{"start":{"line":36,"column":94},"end":{"line":36,"column":null}}],"line":36}},"s":{"0":0,"1":0,"2":0,"3":0,"4":0,"5":0,"6":0},"f":{"0":0,"1":0,"2":0,"3":0},"b":{"0":[0,0],"1":[0,0],"2":[0,0]},"meta":{"lastBranch":3,"lastFunction":4,"lastStatement":7,"seen":{"f:6:16:6:37":0,"s:7:16:14:Infinity":0,"s:16:2:103:Infinity":1,"f:25:17:25:22":1,"s:26:25:26:Infinity":2,"s:27:12:39:Infinity":3,"b:32:100:32:119:32:119:32:Infinity":0,"b:32:134:32:149:32:149:32:Infinity":1,"b:36:67:36:94:36:94:36:Infinity":2,"f:60:18:60:23":2,"s:61:18:69:Infinity":4,"f:85:16:85:21":3,"s:86:29:86:Infinity":5,"s:87:16:96:Infinity":6},"fnNames":{}}}
,"C:\\Users\\HP\\OneDrive\\Desktop\\unfiltered campus project\\ventiora\\src\\pages\\admin\\AdminPostsPage.tsx": {"path":"C:\\Users\\HP\\OneDrive\\Desktop\\unfiltered campus project\\ventiora\\src\\pages\\admin\\AdminPostsPage.tsx","statementMap":{"0":{"start":{"line":6,"column":2},"end":{"line":17,"column":null}}},"fnMap":{"0":{"name":"AdminPostsPage","decl":{"start":{"line":5,"column":16},"end":{"line":5,"column":33}},"loc":{"start":{"line":5,"column":33},"end":{"line":19,"column":null}},"line":5}},"branchMap":{},"s":{"0":0},"f":{"0":0},"b":{},"meta":{"lastBranch":0,"lastFunction":1,"lastStatement":1,"seen":{"f:5:16:5:33":0,"s:6:2:17:Infinity":0},"fnNames":{}}}
,"C:\\Users\\HP\\OneDrive\\Desktop\\unfiltered campus project\\ventiora\\src\\pages\\admin\\AdminReportsPage.tsx": {"path":"C:\\Users\\HP\\OneDrive\\Desktop\\unfiltered campus project\\ventiora\\src\\pages\\admin\\AdminReportsPage.tsx","statementMap":{"0":{"start":{"line":6,"column":2},"end":{"line":30,"column":null}}},"fnMap":{"0":{"name":"AdminReportsPage","decl":{"start":{"line":5,"column":16},"end":{"line":5,"column":35}},"loc":{"start":{"line":5,"column":35},"end":{"line":32,"column":null}},"line":5}},"branchMap":{},"s":{"0":0},"f":{"0":0},"b":{},"meta":{"lastBranch":0,"lastFunction":1,"lastStatement":1,"seen":{"f:5:16:5:35":0,"s:6:2:30:Infinity":0},"fnNames":{}}}
,"C:\\Users\\HP\\OneDrive\\Desktop\\unfiltered campus project\\ventiora\\src\\pages\\admin\\AdminUsersPage.tsx": {"path":"C:\\Users\\HP\\OneDrive\\Desktop\\unfiltered campus project\\ventiora\\src\\pages\\admin\\AdminUsersPage.tsx","statementMap":{"0":{"start":{"line":8,"column":2},"end":{"line":89,"column":null}},"1":{"start":{"line":44,"column":16},"end":{"line":76,"column":null}}},"fnMap":{"0":{"name":"AdminUsersPage","decl":{"start":{"line":7,"column":16},"end":{"line":7,"column":33}},"loc":{"start":{"line":7,"column":33},"end":{"line":91,"column":null}},"line":7},"1":{"name":"(anonymous_1)","decl":{"start":{"line":43,"column":25},"end":{"line":43,"column":29}},"loc":{"start":{"line":44,"column":16},"end":{"line":76,"column":null}},"line":44}},"branchMap":{"0":{"loc":{"start":{"line":56,"column":22},"end":{"line":56,"column":null}},"type":"cond-expr","locations":[{"start":{"line":56,"column":43},"end":{"line":56,"column":74}},{"start":{"line":56,"column":74},"end":{"line":56,"column":null}}],"line":56},"1":{"loc":{"start":{"line":63,"column":22},"end":{"line":65,"column":null}},"type":"cond-expr","locations":[{"start":{"line":63,"column":36},"end":{"line":63,"column":null}},{"start":{"line":64,"column":22},"end":{"line":65,"column":null}}],"line":63},"2":{"loc":{"start":{"line":64,"column":22},"end":{"line":65,"column":null}},"type":"cond-expr","locations":[{"start":{"line":64,"column":39},"end":{"line":64,"column":null}},{"start":{"line":65,"column":22},"end":{"line":65,"column":null}}],"line":64},"3":{"loc":{"start":{"line":67,"column":23},"end":{"line":67,"column":null}},"type":"cond-expr","locations":[{"start":{"line":67,"column":37},"end":{"line":67,"column":48}},{"start":{"line":67,"column":48},"end":{"line":67,"column":null}}],"line":67},"4":{"loc":{"start":{"line":67,"column":48},"end":{"line":67,"column":null}},"type":"cond-expr","locations":[{"start":{"line":67,"column":65},"end":{"line":67,"column":79}},{"start":{"line":67,"column":79},"end":{"line":67,"column":null}}],"line":67}},"s":{"0":0,"1":0},"f":{"0":0,"1":0},"b":{"0":[0,0],"1":[0,0],"2":[0,0],"3":[0,0],"4":[0,0]},"meta":{"lastBranch":5,"lastFunction":2,"lastStatement":2,"seen":{"f:7:16:7:33":0,"s:8:2:89:Infinity":0,"f:43:25:43:29":1,"s:44:16:76:Infinity":1,"b:56:43:56:74:56:74:56:Infinity":0,"b:63:36:63:Infinity:64:22:65:Infinity":1,"b:64:39:64:Infinity:65:22:65:Infinity":2,"b:67:37:67:48:67:48:67:Infinity":3,"b:67:65:67:79:67:79:67:Infinity":4},"fnNames":{}}}
,"C:\\Users\\HP\\OneDrive\\Desktop\\unfiltered campus project\\ventiora\\src\\router\\AdminRoute.tsx": {"path":"C:\\Users\\HP\\OneDrive\\Desktop\\unfiltered campus project\\ventiora\\src\\router\\AdminRoute.tsx","statementMap":{"0":{"start":{"line":10,"column":2},"end":{"line":10,"column":null}}},"fnMap":{"0":{"name":"AdminRoute","decl":{"start":{"line":8,"column":16},"end":{"line":8,"column":27}},"loc":{"start":{"line":8,"column":58},"end":{"line":11,"column":null}},"line":8}},"branchMap":{},"s":{"0":0},"f":{"0":0},"b":{},"meta":{"lastBranch":0,"lastFunction":1,"lastStatement":1,"seen":{"f:8:16:8:27":0,"s:10:2:10:Infinity":0},"fnNames":{}}}
,"C:\\Users\\HP\\OneDrive\\Desktop\\unfiltered campus project\\ventiora\\src\\router\\AppRouter.tsx": {"path":"C:\\Users\\HP\\OneDrive\\Desktop\\unfiltered campus project\\ventiora\\src\\router\\AppRouter.tsx","statementMap":{"0":{"start":{"line":35,"column":2},"end":{"line":38,"column":null}},"1":{"start":{"line":43,"column":2},"end":{"line":234,"column":null}}},"fnMap":{"0":{"name":"PublicLayout","decl":{"start":{"line":34,"column":9},"end":{"line":34,"column":22}},"loc":{"start":{"line":34,"column":67},"end":{"line":40,"column":null}},"line":34},"1":{"name":"AppRouter","decl":{"start":{"line":42,"column":16},"end":{"line":42,"column":28}},"loc":{"start":{"line":42,"column":28},"end":{"line":236,"column":null}},"line":42}},"branchMap":{},"s":{"0":2,"1":2},"f":{"0":2,"1":2},"b":{},"meta":{"lastBranch":0,"lastFunction":2,"lastStatement":2,"seen":{"f:34:9:34:22":0,"s:35:2:38:Infinity":0,"f:42:16:42:28":1,"s:43:2:234:Infinity":1},"fnNames":{}}}
,"C:\\Users\\HP\\OneDrive\\Desktop\\unfiltered campus project\\ventiora\\src\\router\\ProtectedRoute.tsx": {"path":"C:\\Users\\HP\\OneDrive\\Desktop\\unfiltered campus project\\ventiora\\src\\router\\ProtectedRoute.tsx","statementMap":{"0":{"start":{"line":9,"column":2},"end":{"line":9,"column":null}}},"fnMap":{"0":{"name":"ProtectedRoute","decl":{"start":{"line":7,"column":16},"end":{"line":7,"column":31}},"loc":{"start":{"line":7,"column":66},"end":{"line":10,"column":null}},"line":7}},"branchMap":{},"s":{"0":0},"f":{"0":0},"b":{},"meta":{"lastBranch":0,"lastFunction":1,"lastStatement":1,"seen":{"f:7:16:7:31":0,"s:9:2:9:Infinity":0},"fnNames":{}}}
,"C:\\Users\\HP\\OneDrive\\Desktop\\unfiltered campus project\\ventiora\\src\\utils\\cn.ts": {"path":"C:\\Users\\HP\\OneDrive\\Desktop\\unfiltered campus project\\ventiora\\src\\utils\\cn.ts","statementMap":{"0":{"start":{"line":5,"column":2},"end":{"line":5,"column":null}}},"fnMap":{"0":{"name":"cn","decl":{"start":{"line":4,"column":16},"end":{"line":4,"column":19}},"loc":{"start":{"line":4,"column":44},"end":{"line":6,"column":null}},"line":4}},"branchMap":{},"s":{"0":18},"f":{"0":18},"b":{},"meta":{"lastBranch":0,"lastFunction":1,"lastStatement":1,"seen":{"f:4:16:4:19":0,"s:5:2:5:Infinity":0},"fnNames":{}}}
,"C:\\Users\\HP\\OneDrive\\Desktop\\unfiltered campus project\\ventiora\\src\\utils\\constants.ts": {"path":"C:\\Users\\HP\\OneDrive\\Desktop\\unfiltered campus project\\ventiora\\src\\utils\\constants.ts","statementMap":{"0":{"start":{"line":1,"column":25},"end":{"line":1,"column":null}},"1":{"start":{"line":2,"column":28},"end":{"line":2,"column":null}},"2":{"start":{"line":3,"column":29},"end":{"line":3,"column":null}},"3":{"start":{"line":4,"column":25},"end":{"line":4,"column":null}},"4":{"start":{"line":6,"column":27},"end":{"line":10,"column":null}},"5":{"start":{"line":12,"column":60},"end":{"line":19,"column":null}},"6":{"start":{"line":21,"column":51},"end":{"line":25,"column":null}},"7":{"start":{"line":27,"column":53},"end":{"line":31,"column":null}},"8":{"start":{"line":33,"column":59},"end":{"line":51,"column":null}}},"fnMap":{},"branchMap":{"0":{"loc":{"start":{"line":2,"column":28},"end":{"line":2,"column":null}},"type":"binary-expr","locations":[{"start":{"line":2,"column":28},"end":{"line":2,"column":60}},{"start":{"line":2,"column":60},"end":{"line":2,"column":null}}],"line":2}},"s":{"0":1,"1":1,"2":1,"3":1,"4":1,"5":1,"6":1,"7":1,"8":1},"f":{},"b":{"0":[1,1]},"meta":{"lastBranch":1,"lastFunction":0,"lastStatement":9,"seen":{"s:1:25:1:Infinity":0,"s:2:28:2:Infinity":1,"b:2:28:2:60:2:60:2:Infinity":0,"s:3:29:3:Infinity":2,"s:4:25:4:Infinity":3,"s:6:27:10:Infinity":4,"s:12:60:19:Infinity":5,"s:21:51:25:Infinity":6,"s:27:53:31:Infinity":7,"s:33:59:51:Infinity":8},"fnNames":{}}}
,"C:\\Users\\HP\\OneDrive\\Desktop\\unfiltered campus project\\ventiora\\src\\utils\\date.ts": {"path":"C:\\Users\\HP\\OneDrive\\Desktop\\unfiltered campus project\\ventiora\\src\\utils\\date.ts","statementMap":{"0":{"start":{"line":2,"column":14},"end":{"line":2,"column":null}},"1":{"start":{"line":3,"column":24},"end":{"line":3,"column":null}},"2":{"start":{"line":5,"column":2},"end":{"line":5,"column":null}},"3":{"start":{"line":5,"column":26},"end":{"line":5,"column":null}},"4":{"start":{"line":6,"column":2},"end":{"line":6,"column":null}},"5":{"start":{"line":6,"column":28},"end":{"line":6,"column":null}},"6":{"start":{"line":7,"column":2},"end":{"line":7,"column":null}},"7":{"start":{"line":7,"column":29},"end":{"line":7,"column":null}},"8":{"start":{"line":8,"column":2},"end":{"line":8,"column":null}},"9":{"start":{"line":8,"column":30},"end":{"line":8,"column":null}},"10":{"start":{"line":10,"column":2},"end":{"line":10,"column":null}}},"fnMap":{"0":{"name":"formatDistanceToNow","decl":{"start":{"line":1,"column":16},"end":{"line":1,"column":36}},"loc":{"start":{"line":1,"column":56},"end":{"line":11,"column":null}},"line":1}},"branchMap":{"0":{"loc":{"start":{"line":5,"column":2},"end":{"line":5,"column":null}},"type":"if","locations":[{"start":{"line":5,"column":2},"end":{"line":5,"column":null}},{"start":{},"end":{}}],"line":5},"1":{"loc":{"start":{"line":6,"column":2},"end":{"line":6,"column":null}},"type":"if","locations":[{"start":{"line":6,"column":2},"end":{"line":6,"column":null}},{"start":{},"end":{}}],"line":6},"2":{"loc":{"start":{"line":7,"column":2},"end":{"line":7,"column":null}},"type":"if","locations":[{"start":{"line":7,"column":2},"end":{"line":7,"column":null}},{"start":{},"end":{}}],"line":7},"3":{"loc":{"start":{"line":8,"column":2},"end":{"line":8,"column":null}},"type":"if","locations":[{"start":{"line":8,"column":2},"end":{"line":8,"column":null}},{"start":{},"end":{}}],"line":8}},"s":{"0":6,"1":6,"2":6,"3":6,"4":0,"5":0,"6":0,"7":0,"8":0,"9":0,"10":0},"f":{"0":6},"b":{"0":[6,0],"1":[0,0],"2":[0,0],"3":[0,0]},"meta":{"lastBranch":4,"lastFunction":1,"lastStatement":11,"seen":{"f:1:16:1:36":0,"s:2:14:2:Infinity":0,"s:3:24:3:Infinity":1,"b:5:2:5:Infinity:undefined:undefined:undefined:undefined":0,"s:5:2:5:Infinity":2,"s:5:26:5:Infinity":3,"b:6:2:6:Infinity:undefined:undefined:undefined:undefined":1,"s:6:2:6:Infinity":4,"s:6:28:6:Infinity":5,"b:7:2:7:Infinity:undefined:undefined:undefined:undefined":2,"s:7:2:7:Infinity":6,"s:7:29:7:Infinity":7,"b:8:2:8:Infinity:undefined:undefined:undefined:undefined":3,"s:8:2:8:Infinity":8,"s:8:30:8:Infinity":9,"s:10:2:10:Infinity":10},"fnNames":{}}}
,"C:\\Users\\HP\\OneDrive\\Desktop\\unfiltered campus project\\ventiora\\src\\utils\\dateFormat.ts": {"path":"C:\\Users\\HP\\OneDrive\\Desktop\\unfiltered campus project\\ventiora\\src\\utils\\dateFormat.ts","statementMap":{"0":{"start":{"line":5,"column":14},"end":{"line":5,"column":null}},"1":{"start":{"line":6,"column":15},"end":{"line":6,"column":null}},"2":{"start":{"line":7,"column":17},"end":{"line":7,"column":null}},"3":{"start":{"line":8,"column":18},"end":{"line":8,"column":null}},"4":{"start":{"line":10,"column":14},"end":{"line":10,"column":null}},"5":{"start":{"line":12,"column":2},"end":{"line":12,"column":null}},"6":{"start":{"line":12,"column":20},"end":{"line":12,"column":null}},"7":{"start":{"line":13,"column":18},"end":{"line":13,"column":null}},"8":{"start":{"line":14,"column":2},"end":{"line":14,"column":null}},"9":{"start":{"line":14,"column":20},"end":{"line":14,"column":null}},"10":{"start":{"line":15,"column":17},"end":{"line":15,"column":null}},"11":{"start":{"line":16,"column":2},"end":{"line":16,"column":null}},"12":{"start":{"line":16,"column":19},"end":{"line":16,"column":null}},"13":{"start":{"line":17,"column":18},"end":{"line":17,"column":null}},"14":{"start":{"line":18,"column":2},"end":{"line":18,"column":null}},"15":{"start":{"line":18,"column":20},"end":{"line":18,"column":null}},"16":{"start":{"line":19,"column":18},"end":{"line":19,"column":null}},"17":{"start":{"line":20,"column":2},"end":{"line":20,"column":null}},"18":{"start":{"line":20,"column":20},"end":{"line":20,"column":null}},"19":{"start":{"line":21,"column":17},"end":{"line":21,"column":null}},"20":{"start":{"line":22,"column":2},"end":{"line":22,"column":null}},"21":{"start":{"line":29,"column":2},"end":{"line":35,"column":null}},"22":{"start":{"line":42,"column":2},"end":{"line":46,"column":null}}},"fnMap":{"0":{"name":"formatRelative","decl":{"start":{"line":4,"column":16},"end":{"line":4,"column":31}},"loc":{"start":{"line":4,"column":53},"end":{"line":23,"column":null}},"line":4},"1":{"name":"formatFull","decl":{"start":{"line":28,"column":16},"end":{"line":28,"column":27}},"loc":{"start":{"line":28,"column":49},"end":{"line":36,"column":null}},"line":28},"2":{"name":"formatShort","decl":{"start":{"line":41,"column":16},"end":{"line":41,"column":28}},"loc":{"start":{"line":41,"column":50},"end":{"line":47,"column":null}},"line":41}},"branchMap":{"0":{"loc":{"start":{"line":12,"column":2},"end":{"line":12,"column":null}},"type":"if","locations":[{"start":{"line":12,"column":2},"end":{"line":12,"column":null}},{"start":{},"end":{}}],"line":12},"1":{"loc":{"start":{"line":14,"column":2},"end":{"line":14,"column":null}},"type":"if","locations":[{"start":{"line":14,"column":2},"end":{"line":14,"column":null}},{"start":{},"end":{}}],"line":14},"2":{"loc":{"start":{"line":16,"column":2},"end":{"line":16,"column":null}},"type":"if","locations":[{"start":{"line":16,"column":2},"end":{"line":16,"column":null}},{"start":{},"end":{}}],"line":16},"3":{"loc":{"start":{"line":18,"column":2},"end":{"line":18,"column":null}},"type":"if","locations":[{"start":{"line":18,"column":2},"end":{"line":18,"column":null}},{"start":{},"end":{}}],"line":18},"4":{"loc":{"start":{"line":20,"column":2},"end":{"line":20,"column":null}},"type":"if","locations":[{"start":{"line":20,"column":2},"end":{"line":20,"column":null}},{"start":{},"end":{}}],"line":20}},"s":{"0":0,"1":0,"2":0,"3":0,"4":0,"5":0,"6":0,"7":0,"8":0,"9":0,"10":0,"11":0,"12":0,"13":0,"14":0,"15":0,"16":0,"17":0,"18":0,"19":0,"20":0,"21":0,"22":0},"f":{"0":0,"1":0,"2":0},"b":{"0":[0,0],"1":[0,0],"2":[0,0],"3":[0,0],"4":[0,0]},"meta":{"lastBranch":5,"lastFunction":3,"lastStatement":23,"seen":{"f:4:16:4:31":0,"s:5:14:5:Infinity":0,"s:6:15:6:Infinity":1,"s:7:17:7:Infinity":2,"s:8:18:8:Infinity":3,"s:10:14:10:Infinity":4,"b:12:2:12:Infinity:undefined:undefined:undefined:undefined":0,"s:12:2:12:Infinity":5,"s:12:20:12:Infinity":6,"s:13:18:13:Infinity":7,"b:14:2:14:Infinity:undefined:undefined:undefined:undefined":1,"s:14:2:14:Infinity":8,"s:14:20:14:Infinity":9,"s:15:17:15:Infinity":10,"b:16:2:16:Infinity:undefined:undefined:undefined:undefined":2,"s:16:2:16:Infinity":11,"s:16:19:16:Infinity":12,"s:17:18:17:Infinity":13,"b:18:2:18:Infinity:undefined:undefined:undefined:undefined":3,"s:18:2:18:Infinity":14,"s:18:20:18:Infinity":15,"s:19:18:19:Infinity":16,"b:20:2:20:Infinity:undefined:undefined:undefined:undefined":4,"s:20:2:20:Infinity":17,"s:20:20:20:Infinity":18,"s:21:17:21:Infinity":19,"s:22:2:22:Infinity":20,"f:28:16:28:27":1,"s:29:2:35:Infinity":21,"f:41:16:41:28":2,"s:42:2:46:Infinity":22},"fnNames":{}}}
,"C:\\Users\\HP\\OneDrive\\Desktop\\unfiltered campus project\\ventiora\\src\\utils\\mockData.ts": {"path":"C:\\Users\\HP\\OneDrive\\Desktop\\unfiltered campus project\\ventiora\\src\\utils\\mockData.ts","statementMap":{"0":{"start":{"line":3,"column":33},"end":{"line":48,"column":null}},"1":{"start":{"line":50,"column":30},"end":{"line":56,"column":null}},"2":{"start":{"line":58,"column":24},"end":{"line":62,"column":null}},"3":{"start":{"line":68,"column":49},"end":{"line":71,"column":null}},"4":{"start":{"line":73,"column":33},"end":{"line":125,"column":null}},"5":{"start":{"line":127,"column":39},"end":{"line":152,"column":null}},"6":{"start":{"line":154,"column":34},"end":{"line":154,"column":null}}},"fnMap":{},"branchMap":{},"s":{"0":1,"1":1,"2":1,"3":1,"4":1,"5":1,"6":1},"f":{},"b":{},"meta":{"lastBranch":0,"lastFunction":0,"lastStatement":7,"seen":{"s:3:33:48:Infinity":0,"s:50:30:56:Infinity":1,"s:58:24:62:Infinity":2,"s:68:49:71:Infinity":3,"s:73:33:125:Infinity":4,"s:127:39:152:Infinity":5,"s:154:34:154:Infinity":6},"fnNames":{}}}
,"C:\\Users\\HP\\OneDrive\\Desktop\\unfiltered campus project\\ventiora\\src\\utils\\validators.ts": {"path":"C:\\Users\\HP\\OneDrive\\Desktop\\unfiltered campus project\\ventiora\\src\\utils\\validators.ts","statementMap":{"0":{"start":{"line":1,"column":26},"end":{"line":69,"column":null}},"1":{"start":{"line":2,"column":32},"end":{"line":4,"column":null}}},"fnMap":{"0":{"name":"(anonymous_0)","decl":{"start":{"line":2,"column":2},"end":{"line":2,"column":13}},"loc":{"start":{"line":2,"column":32},"end":{"line":4,"column":null}},"line":2}},"branchMap":{},"s":{"0":1,"1":0},"f":{"0":0},"b":{},"meta":{"lastBranch":0,"lastFunction":1,"lastStatement":2,"seen":{"s:1:26:69:Infinity":0,"f:2:2:2:13":0,"s:2:32:4:Infinity":1},"fnNames":{}}}
}
